#
# There is insufficient memory for the Java Runtime Environment to continue.
# Native memory allocation (mmap) failed to map 74448896 bytes. Error detail: G1 virtual space
# Possible reasons:
#   The system is out of physical RAM or swap space
#   This process is running with CompressedOops enabled, and the Java Heap may be blocking the growth of the native heap
# Possible solutions:
#   Reduce memory load on the system
#   Increase physical memory or swap space
#   Check if swap backing store is full
#   Decrease Java heap size (-Xmx/-Xms)
#   Decrease number of Java threads
#   Decrease Java thread stack sizes (-Xss)
#   Set larger code cache with -XX:ReservedCodeCacheSize=
#   JVM is running with Unscaled Compressed Oops mode in which the Java heap is
#     placed in the first 4GB address space. The Java Heap base address is the
#     maximum limit for the native heap growth. Please use -XX:HeapBaseMinAddress
#     to set the Java Heap base and to place the Java Heap above 4GB virtual address.
# This output file may be truncated or incomplete.
#
#  Out of Memory Error (os_windows.cpp:3825), pid=8508, tid=6956
#
# JRE version: OpenJDK Runtime Environment (17.0.11) (build 17.0.11+0--11852314)
# Java VM: OpenJDK 64-Bit Server VM (17.0.11+0--11852314, mixed mode, tiered, compressed oops, compressed class ptrs, g1 gc, windows-amd64)
# No core dump will be written. Minidumps are not enabled by default on client versions of Windows
#

---------------  S U M M A R Y ------------

Command Line: org.jetbrains.kotlin.cli.jvm.K2JVMCompiler @C:\Users\ACER\AndroidStudioProjects\BelajarTeks\app\build\20240927_13307825043295346532.compiler.options

Host: AMD Ryzen 3 3250U with Radeon Graphics         , 4 cores, 3G,  Windows 11 , 64 bit Build 22621 (10.0.22621.3958)
Time: Fri Sep 27 10:37:08 2024 SE Asia Standard Time elapsed time: 37.401369 seconds (0d 0h 0m 37s)

---------------  T H R E A D  ---------------

Current thread (0x000002777f75da20):  VMThread "VM Thread" [stack: 0x000000dc08800000,0x000000dc08900000] [id=6956]

Stack: [0x000000dc08800000,0x000000dc08900000]
Native frames: (J=compiled Java code, j=interpreted, Vv=VM code, C=native code)
V  [jvm.dll+0x687bb9]
V  [jvm.dll+0x84142a]
V  [jvm.dll+0x8430ae]
V  [jvm.dll+0x843713]
V  [jvm.dll+0x24a35f]
V  [jvm.dll+0x684989]
V  [jvm.dll+0x67923a]
V  [jvm.dll+0x30af0b]
V  [jvm.dll+0x3123b6]
V  [jvm.dll+0x361dfe]
V  [jvm.dll+0x36202f]
V  [jvm.dll+0x2e0d38]
V  [jvm.dll+0x2df144]
V  [jvm.dll+0x2de74c]
V  [jvm.dll+0x32305b]
V  [jvm.dll+0x847e0b]
V  [jvm.dll+0x848b42]
V  [jvm.dll+0x84905d]
V  [jvm.dll+0x849434]
V  [jvm.dll+0x849500]
V  [jvm.dll+0x7efa4a]
V  [jvm.dll+0x686a35]
C  [ucrtbase.dll+0x29333]
C  [KERNEL32.DLL+0x1257d]
C  [ntdll.dll+0x5af28]

VM_Operation (0x000000dc082f9840): G1CollectForAllocation, mode: safepoint, requested by thread 0x0000027768dbc0d0


---------------  P R O C E S S  ---------------

Threads class SMR info:
_java_thread_list=0x000002777fb7e5e0, length=12, elements={
0x0000027768dbc0d0, 0x000002777f781260, 0x000002777f7830f0, 0x000002777f7bd550,
0x000002777f7bef20, 0x000002777f7c0080, 0x000002777f7c0a40, 0x000002777f7c1f80,
0x000002777f7c2a30, 0x000002777fa142e0, 0x000002777fb5c630, 0x000002777fb68640
}

Java Threads: ( => current thread )
  0x0000027768dbc0d0 JavaThread "main" [_thread_blocked, id=8892, stack(0x000000dc08200000,0x000000dc08300000)]
  0x000002777f781260 JavaThread "Reference Handler" daemon [_thread_blocked, id=14344, stack(0x000000dc08900000,0x000000dc08a00000)]
  0x000002777f7830f0 JavaThread "Finalizer" daemon [_thread_blocked, id=20196, stack(0x000000dc08a00000,0x000000dc08b00000)]
  0x000002777f7bd550 JavaThread "Signal Dispatcher" daemon [_thread_blocked, id=932, stack(0x000000dc08b00000,0x000000dc08c00000)]
  0x000002777f7bef20 JavaThread "Attach Listener" daemon [_thread_blocked, id=3300, stack(0x000000dc08c00000,0x000000dc08d00000)]
  0x000002777f7c0080 JavaThread "Service Thread" daemon [_thread_blocked, id=6148, stack(0x000000dc08d00000,0x000000dc08e00000)]
  0x000002777f7c0a40 JavaThread "Monitor Deflation Thread" daemon [_thread_blocked, id=13300, stack(0x000000dc08e00000,0x000000dc08f00000)]
  0x000002777f7c1f80 JavaThread "C2 CompilerThread0" daemon [_thread_in_native, id=8640, stack(0x000000dc08f00000,0x000000dc09000000)]
  0x000002777f7c2a30 JavaThread "C1 CompilerThread0" daemon [_thread_blocked, id=2648, stack(0x000000dc09000000,0x000000dc09100000)]
  0x000002777fa142e0 JavaThread "Sweeper thread" daemon [_thread_blocked, id=640, stack(0x000000dc09100000,0x000000dc09200000)]
  0x000002777fb5c630 JavaThread "Notification Thread" daemon [_thread_blocked, id=9164, stack(0x000000dc09200000,0x000000dc09300000)]
  0x000002777fb68640 JavaThread "Common-Cleaner" daemon [_thread_blocked, id=8208, stack(0x000000dc09400000,0x000000dc09500000)]

Other Threads:
=>0x000002777f75da20 VMThread "VM Thread" [stack: 0x000000dc08800000,0x000000dc08900000] [id=6956]
  0x000002777fb5cb10 WatcherThread [stack: 0x000000dc09300000,0x000000dc09400000] [id=18780]
  0x0000027768df2d80 GCTaskThread "GC Thread#0" [stack: 0x000000dc08300000,0x000000dc08400000] [id=5556]
  0x0000027704138ae0 GCTaskThread "GC Thread#1" [stack: 0x000000dc09500000,0x000000dc09600000] [id=3052]
  0x000002770415eb90 GCTaskThread "GC Thread#2" [stack: 0x000000dc09600000,0x000000dc09700000] [id=23192]
  0x000002770415ee50 GCTaskThread "GC Thread#3" [stack: 0x000000dc09700000,0x000000dc09800000] [id=7920]
  0x0000027768dfab10 ConcurrentGCThread "G1 Main Marker" [stack: 0x000000dc08400000,0x000000dc08500000] [id=3192]
  0x0000027768dfb530 ConcurrentGCThread "G1 Conc#0" [stack: 0x000000dc08500000,0x000000dc08600000] [id=1072]
  0x0000027768e365c0 ConcurrentGCThread "G1 Refine#0" [stack: 0x000000dc08600000,0x000000dc08700000] [id=18448]
  0x0000027768e36ff0 ConcurrentGCThread "G1 Service" [stack: 0x000000dc08700000,0x000000dc08800000] [id=21140]

Threads with active compile tasks:
C2 CompilerThread0    37513 7406       4       jdk.internal.org.objectweb.asm.Frame::execute (2305 bytes)

VM state: at safepoint (normal execution)

VM Mutex/Monitor currently owned by a thread:  ([mutex/lock_event])
[0x0000027768db86e0] Threads_lock - owner thread: 0x000002777f75da20
[0x0000027768db8770] Heap_lock - owner thread: 0x0000027768dbc0d0

Heap address: 0x00000000c8e00000, size: 882 MB, Compressed Oops mode: 32-bit

CDS archive(s) not mapped
Compressed class space mapped at: 0x0000000100000000-0x0000000140000000, reserved size: 1073741824
Narrow klass base: 0x0000000000000000, Narrow klass shift: 3, Narrow klass range: 0x140000000

GC Precious Log:
 CPUs: 4 total, 4 available
 Memory: 3521M
 Large Page Support: Disabled
 NUMA Support: Disabled
 Compressed Oops: Enabled (32-bit)
 Heap Region Size: 1M
 Heap Min Capacity: 8M
 Heap Initial Capacity: 56M
 Heap Max Capacity: 882M
 Pre-touch: Disabled
 Parallel Workers: 4
 Concurrent Workers: 1
 Concurrent Refinement Workers: 4
 Periodic GC: Disabled

Heap:
 garbage-first heap   total 81920K, used 49361K [0x00000000c8e00000, 0x0000000100000000)
  region size 1024K, 3 young (3072K), 3 survivors (3072K)
 Metaspace       used 64593K, committed 64896K, reserved 1114112K
  class space    used 7527K, committed 7680K, reserved 1048576K

Heap Regions: E=young(eden), S=young(survivor), O=old, HS=humongous(starts), HC=humongous(continues), CS=collection set, F=free, OA=open archive, CA=closed archive, TAMS=top-at-mark-start (previous, next)
|   0|0x00000000c8e00000, 0x00000000c8f00000, 0x00000000c8f00000|100%|HS|  |TAMS 0x00000000c8f00000, 0x00000000c8f00000| Complete 
|   1|0x00000000c8f00000, 0x00000000c9000000, 0x00000000c9000000|100%|HC|  |TAMS 0x00000000c9000000, 0x00000000c9000000| Complete 
|   2|0x00000000c9000000, 0x00000000c9100000, 0x00000000c9100000|100%|HC|  |TAMS 0x00000000c9100000, 0x00000000c9100000| Complete 
|   3|0x00000000c9100000, 0x00000000c9200000, 0x00000000c9200000|100%|HC|  |TAMS 0x00000000c9200000, 0x00000000c9200000| Complete 
|   4|0x00000000c9200000, 0x00000000c92f0600, 0x00000000c9300000| 93%| O|  |TAMS 0x00000000c92f0600, 0x00000000c92f0600| Untracked 
|   5|0x00000000c9300000, 0x00000000c9400000, 0x00000000c9400000|100%| O|  |TAMS 0x00000000c9400000, 0x00000000c9400000| Untracked 
|   6|0x00000000c9400000, 0x00000000c9500000, 0x00000000c9500000|100%| O|  |TAMS 0x00000000c9500000, 0x00000000c9500000| Untracked 
|   7|0x00000000c9500000, 0x00000000c9600000, 0x00000000c9600000|100%| O|  |TAMS 0x00000000c9600000, 0x00000000c9600000| Untracked 
|   8|0x00000000c9600000, 0x00000000c9700000, 0x00000000c9700000|100%| O|  |TAMS 0x00000000c9700000, 0x00000000c9700000| Untracked 
|   9|0x00000000c9700000, 0x00000000c9800000, 0x00000000c9800000|100%| O|  |TAMS 0x00000000c9700000, 0x00000000c9800000| Untracked 
|  10|0x00000000c9800000, 0x00000000c9900000, 0x00000000c9900000|100%| O|  |TAMS 0x00000000c9900000, 0x00000000c9900000| Untracked 
|  11|0x00000000c9900000, 0x00000000c9a00000, 0x00000000c9a00000|100%| O|  |TAMS 0x00000000c9a00000, 0x00000000c9a00000| Untracked 
|  12|0x00000000c9a00000, 0x00000000c9b00000, 0x00000000c9b00000|100%| O|  |TAMS 0x00000000c9b00000, 0x00000000c9b00000| Untracked 
|  13|0x00000000c9b00000, 0x00000000c9c00000, 0x00000000c9c00000|100%| O|  |TAMS 0x00000000c9c00000, 0x00000000c9c00000| Untracked 
|  14|0x00000000c9c00000, 0x00000000c9d00000, 0x00000000c9d00000|100%| O|  |TAMS 0x00000000c9d00000, 0x00000000c9d00000| Untracked 
|  15|0x00000000c9d00000, 0x00000000c9e00000, 0x00000000c9e00000|100%| O|  |TAMS 0x00000000c9e00000, 0x00000000c9e00000| Untracked 
|  16|0x00000000c9e00000, 0x00000000c9f00000, 0x00000000c9f00000|100%| O|  |TAMS 0x00000000c9f00000, 0x00000000c9f00000| Untracked 
|  17|0x00000000c9f00000, 0x00000000ca000000, 0x00000000ca000000|100%| O|  |TAMS 0x00000000ca000000, 0x00000000ca000000| Untracked 
|  18|0x00000000ca000000, 0x00000000ca100000, 0x00000000ca100000|100%| O|  |TAMS 0x00000000ca100000, 0x00000000ca100000| Untracked 
|  19|0x00000000ca100000, 0x00000000ca200000, 0x00000000ca200000|100%| O|  |TAMS 0x00000000ca200000, 0x00000000ca200000| Untracked 
|  20|0x00000000ca200000, 0x00000000ca300000, 0x00000000ca300000|100%| O|  |TAMS 0x00000000ca300000, 0x00000000ca300000| Untracked 
|  21|0x00000000ca300000, 0x00000000ca400000, 0x00000000ca400000|100%|HS|  |TAMS 0x00000000ca400000, 0x00000000ca400000| Complete 
|  22|0x00000000ca400000, 0x00000000ca500000, 0x00000000ca500000|100%|HC|  |TAMS 0x00000000ca500000, 0x00000000ca500000| Complete 
|  23|0x00000000ca500000, 0x00000000ca600000, 0x00000000ca600000|100%| O|  |TAMS 0x00000000ca600000, 0x00000000ca600000| Untracked 
|  24|0x00000000ca600000, 0x00000000ca700000, 0x00000000ca700000|100%| O|  |TAMS 0x00000000ca700000, 0x00000000ca700000| Untracked 
|  25|0x00000000ca700000, 0x00000000ca800000, 0x00000000ca800000|100%| O|  |TAMS 0x00000000ca800000, 0x00000000ca800000| Untracked 
|  26|0x00000000ca800000, 0x00000000ca900000, 0x00000000ca900000|100%| O|  |TAMS 0x00000000ca900000, 0x00000000ca900000| Untracked 
|  27|0x00000000ca900000, 0x00000000caa00000, 0x00000000caa00000|100%| O|  |TAMS 0x00000000caa00000, 0x00000000caa00000| Untracked 
|  28|0x00000000caa00000, 0x00000000cab00000, 0x00000000cab00000|100%| O|  |TAMS 0x00000000cab00000, 0x00000000cab00000| Untracked 
|  29|0x00000000cab00000, 0x00000000cac00000, 0x00000000cac00000|100%| O|  |TAMS 0x00000000cac00000, 0x00000000cac00000| Untracked 
|  30|0x00000000cac00000, 0x00000000cad00000, 0x00000000cad00000|100%| O|  |TAMS 0x00000000cad00000, 0x00000000cad00000| Untracked 
|  31|0x00000000cad00000, 0x00000000cae00000, 0x00000000cae00000|100%| O|  |TAMS 0x00000000cae00000, 0x00000000cae00000| Untracked 
|  32|0x00000000cae00000, 0x00000000cae00000, 0x00000000caf00000|  0%| F|  |TAMS 0x00000000cae00000, 0x00000000cae00000| Untracked 
|  33|0x00000000caf00000, 0x00000000cb000000, 0x00000000cb000000|100%| O|  |TAMS 0x00000000cb000000, 0x00000000cb000000| Untracked 
|  34|0x00000000cb000000, 0x00000000cb100000, 0x00000000cb100000|100%| O|  |TAMS 0x00000000cb100000, 0x00000000cb100000| Untracked 
|  35|0x00000000cb100000, 0x00000000cb200000, 0x00000000cb200000|100%| O|  |TAMS 0x00000000cb200000, 0x00000000cb200000| Untracked 
|  36|0x00000000cb200000, 0x00000000cb300000, 0x00000000cb300000|100%| O|  |TAMS 0x00000000cb300000, 0x00000000cb300000| Untracked 
|  37|0x00000000cb300000, 0x00000000cb400000, 0x00000000cb400000|100%| O|  |TAMS 0x00000000cb400000, 0x00000000cb400000| Untracked 
|  38|0x00000000cb400000, 0x00000000cb500000, 0x00000000cb500000|100%| O|  |TAMS 0x00000000cb500000, 0x00000000cb500000| Untracked 
|  39|0x00000000cb500000, 0x00000000cb600000, 0x00000000cb600000|100%| O|  |TAMS 0x00000000cb600000, 0x00000000cb600000| Untracked 
|  40|0x00000000cb600000, 0x00000000cb700000, 0x00000000cb700000|100%| O|  |TAMS 0x00000000cb700000, 0x00000000cb700000| Untracked 
|  41|0x00000000cb700000, 0x00000000cb800000, 0x00000000cb800000|100%| O|  |TAMS 0x00000000cb800000, 0x00000000cb800000| Untracked 
|  42|0x00000000cb800000, 0x00000000cb900000, 0x00000000cb900000|100%| O|  |TAMS 0x00000000cb900000, 0x00000000cb900000| Untracked 
|  43|0x00000000cb900000, 0x00000000cba00000, 0x00000000cba00000|100%| O|  |TAMS 0x00000000cb936800, 0x00000000cba00000| Untracked 
|  44|0x00000000cba00000, 0x00000000cbb00000, 0x00000000cbb00000|100%| O|  |TAMS 0x00000000cba00000, 0x00000000cbb00000| Untracked 
|  45|0x00000000cbb00000, 0x00000000cbc00000, 0x00000000cbc00000|100%| O|  |TAMS 0x00000000cbb00000, 0x00000000cbc00000| Untracked 
|  46|0x00000000cbc00000, 0x00000000cbd00000, 0x00000000cbd00000|100%| O|  |TAMS 0x00000000cbc00000, 0x00000000cbd00000| Untracked 
|  47|0x00000000cbd00000, 0x00000000cbd2b600, 0x00000000cbe00000| 16%| O|  |TAMS 0x00000000cbd00000, 0x00000000cbd2b600| Untracked 
|  48|0x00000000cbe00000, 0x00000000cbe00000, 0x00000000cbf00000|  0%| F|  |TAMS 0x00000000cbe00000, 0x00000000cbe00000| Untracked 
|  49|0x00000000cbf00000, 0x00000000cbf00000, 0x00000000cc000000|  0%| F|  |TAMS 0x00000000cbf00000, 0x00000000cbf00000| Untracked 
|  50|0x00000000cc000000, 0x00000000cc000000, 0x00000000cc100000|  0%| F|  |TAMS 0x00000000cc000000, 0x00000000cc000000| Untracked 
|  51|0x00000000cc100000, 0x00000000cc100000, 0x00000000cc200000|  0%| F|  |TAMS 0x00000000cc100000, 0x00000000cc100000| Untracked 
|  52|0x00000000cc200000, 0x00000000cc200000, 0x00000000cc300000|  0%| F|  |TAMS 0x00000000cc200000, 0x00000000cc200000| Untracked 
|  53|0x00000000cc300000, 0x00000000cc300000, 0x00000000cc400000|  0%| F|  |TAMS 0x00000000cc300000, 0x00000000cc300000| Untracked 
|  54|0x00000000cc400000, 0x00000000cc400000, 0x00000000cc500000|  0%| F|  |TAMS 0x00000000cc400000, 0x00000000cc400000| Untracked 
|  55|0x00000000cc500000, 0x00000000cc500000, 0x00000000cc600000|  0%| F|  |TAMS 0x00000000cc500000, 0x00000000cc500000| Untracked 
|  56|0x00000000cc600000, 0x00000000cc600000, 0x00000000cc700000|  0%| F|  |TAMS 0x00000000cc600000, 0x00000000cc600000| Untracked 
|  57|0x00000000cc700000, 0x00000000cc700000, 0x00000000cc800000|  0%| F|  |TAMS 0x00000000cc700000, 0x00000000cc700000| Untracked 
|  58|0x00000000cc800000, 0x00000000cc800000, 0x00000000cc900000|  0%| F|  |TAMS 0x00000000cc800000, 0x00000000cc800000| Untracked 
|  59|0x00000000cc900000, 0x00000000cc9188c0, 0x00000000cca00000|  9%| S|CS|TAMS 0x00000000cc900000, 0x00000000cc900000| Complete 
|  60|0x00000000cca00000, 0x00000000ccb00000, 0x00000000ccb00000|100%| S|CS|TAMS 0x00000000cca00000, 0x00000000cca00000| Complete 
|  61|0x00000000ccb00000, 0x00000000ccc00000, 0x00000000ccc00000|100%| S|CS|TAMS 0x00000000ccb00000, 0x00000000ccb00000| Complete 
|  62|0x00000000ccc00000, 0x00000000ccc00000, 0x00000000ccd00000|  0%| F|  |TAMS 0x00000000ccc00000, 0x00000000ccc00000| Untracked 
|  63|0x00000000ccd00000, 0x00000000ccd00000, 0x00000000cce00000|  0%| F|  |TAMS 0x00000000ccd00000, 0x00000000ccd00000| Untracked 
|  64|0x00000000cce00000, 0x00000000cce00000, 0x00000000ccf00000|  0%| F|  |TAMS 0x00000000cce00000, 0x00000000cce00000| Untracked 
|  65|0x00000000ccf00000, 0x00000000ccf00000, 0x00000000cd000000|  0%| F|  |TAMS 0x00000000ccf00000, 0x00000000ccf00000| Untracked 
|  66|0x00000000cd000000, 0x00000000cd000000, 0x00000000cd100000|  0%| F|  |TAMS 0x00000000cd000000, 0x00000000cd000000| Untracked 
|  67|0x00000000cd100000, 0x00000000cd100000, 0x00000000cd200000|  0%| F|  |TAMS 0x00000000cd100000, 0x00000000cd100000| Untracked 
|  68|0x00000000cd200000, 0x00000000cd200000, 0x00000000cd300000|  0%| F|  |TAMS 0x00000000cd200000, 0x00000000cd200000| Untracked 
|  69|0x00000000cd300000, 0x00000000cd300000, 0x00000000cd400000|  0%| F|  |TAMS 0x00000000cd300000, 0x00000000cd300000| Untracked 
|  70|0x00000000cd400000, 0x00000000cd400000, 0x00000000cd500000|  0%| F|  |TAMS 0x00000000cd400000, 0x00000000cd400000| Untracked 
|  71|0x00000000cd500000, 0x00000000cd500000, 0x00000000cd600000|  0%| F|  |TAMS 0x00000000cd500000, 0x00000000cd500000| Untracked 
|  72|0x00000000cd600000, 0x00000000cd600000, 0x00000000cd700000|  0%| F|  |TAMS 0x00000000cd600000, 0x00000000cd600000| Untracked 
|  73|0x00000000cd700000, 0x00000000cd700000, 0x00000000cd800000|  0%| F|  |TAMS 0x00000000cd700000, 0x00000000cd700000| Untracked 
|  74|0x00000000cd800000, 0x00000000cd800000, 0x00000000cd900000|  0%| F|  |TAMS 0x00000000cd800000, 0x00000000cd800000| Untracked 
|  75|0x00000000cd900000, 0x00000000cd900000, 0x00000000cda00000|  0%| F|  |TAMS 0x00000000cd900000, 0x00000000cd900000| Untracked 
|  76|0x00000000cda00000, 0x00000000cda00000, 0x00000000cdb00000|  0%| F|  |TAMS 0x00000000cda00000, 0x00000000cda00000| Untracked 
|  77|0x00000000cdb00000, 0x00000000cdb00000, 0x00000000cdc00000|  0%| F|  |TAMS 0x00000000cdb00000, 0x00000000cdb00000| Untracked 
|  78|0x00000000cdc00000, 0x00000000cdc00000, 0x00000000cdd00000|  0%| F|  |TAMS 0x00000000cdc00000, 0x00000000cdc00000| Untracked 
|  79|0x00000000cdd00000, 0x00000000cdd00000, 0x00000000cde00000|  0%| F|  |TAMS 0x00000000cdd00000, 0x00000000cdd00000| Untracked 

Card table byte_map: [0x000002777b280000,0x000002777b440000] _byte_map_base: 0x000002777ac39000

Marking Bits (Prev, Next): (CMBitMap*) 0x0000027768df33e0, (CMBitMap*) 0x0000027768df33a0
 Prev Bits: [0x000002777c3d0000, 0x000002777d198000)
 Next Bits: [0x000002777b600000, 0x000002777c3c8000)

Polling page: 0x0000027766c00000

Metaspace:

Usage:
  Non-class:     55.73 MB used.
      Class:      7.35 MB used.
       Both:     63.08 MB used.

Virtual space:
  Non-class space:       64.00 MB reserved,      55.88 MB ( 87%) committed,  1 nodes.
      Class space:        1.00 GB reserved,       7.50 MB ( <1%) committed,  1 nodes.
             Both:        1.06 GB reserved,      63.38 MB (  6%) committed. 

Chunk freelists:
   Non-Class:  7.52 MB
       Class:  8.51 MB
        Both:  16.03 MB

MaxMetaspaceSize: unlimited
CompressedClassSpaceSize: 1.00 GB
Initial GC threshold: 21.00 MB
Current GC threshold: 95.94 MB
CDS: off
MetaspaceReclaimPolicy: balanced
 - commit_granule_bytes: 65536.
 - commit_granule_words: 8192.
 - virtual_space_node_default_size: 8388608.
 - enlarge_chunks_in_place: 1.
 - new_chunks_are_fully_committed: 0.
 - uncommit_free_chunks: 1.
 - use_allocation_guard: 0.
 - handle_deallocations: 1.


Internal statistics:

num_allocs_failed_limit: 3.
num_arena_births: 282.
num_arena_deaths: 0.
num_vsnodes_births: 2.
num_vsnodes_deaths: 0.
num_space_committed: 1012.
num_space_uncommitted: 0.
num_chunks_returned_to_freelist: 3.
num_chunks_taken_from_freelist: 2265.
num_chunk_merges: 3.
num_chunk_splits: 1873.
num_chunks_enlarged: 1666.
num_inconsistent_stats: 0.

CodeHeap 'non-profiled nmethods': size=120000Kb used=3249Kb max_used=3249Kb free=116750Kb
 bounds [0x0000027773d50000, 0x0000027774080000, 0x000002777b280000]
CodeHeap 'profiled nmethods': size=120000Kb used=16104Kb max_used=16104Kb free=103896Kb
 bounds [0x000002776c280000, 0x000002776d240000, 0x00000277737b0000]
CodeHeap 'non-nmethods': size=5760Kb used=1362Kb max_used=1396Kb free=4397Kb
 bounds [0x00000277737b0000, 0x0000027773a20000, 0x0000027773d50000]
 total_blobs=7286 nmethods=6595 adapters=602
 compilation: enabled
              stopped_count=0, restarted_count=0
 full_count=0

Compilation events (20 events):
Event: 37.161 Thread 0x000002777f7c2a30 7431       3       jdk.internal.org.objectweb.asm.ClassVisitor::<init> (88 bytes)
Event: 37.163 Thread 0x000002777f7c2a30 nmethod 7431 0x000002776d234e90 code [0x000002776d2350e0, 0x000002776d2359a8]
Event: 37.163 Thread 0x000002777f7c2a30 7432       3       jdk.internal.org.objectweb.asm.SymbolTable::<init> (41 bytes)
Event: 37.163 Thread 0x000002777f7c2a30 nmethod 7432 0x000002776d235c90 code [0x000002776d235e60, 0x000002776d2363b8]
Event: 37.163 Thread 0x000002777f7c2a30 7434       3       org.jetbrains.kotlin.ir.expressions.impl.IrExpressionBodyImpl::getExpression (17 bytes)
Event: 37.164 Thread 0x000002777f7c2a30 nmethod 7434 0x000002776d236510 code [0x000002776d236780, 0x000002776d236fd8]
Event: 37.164 Thread 0x000002777f7c2a30 7435       3       org.jetbrains.kotlin.ir.expressions.IrExpressionBody::accept (15 bytes)
Event: 37.165 Thread 0x000002777f7c2a30 nmethod 7435 0x000002776d237310 code [0x000002776d237520, 0x000002776d237ba8]
Event: 37.178 Thread 0x000002777f7c2a30 7436       3       org.jetbrains.kotlin.ir.types.IrTypesKt::getClassifierOrNull (25 bytes)
Event: 37.179 Thread 0x000002777f7c2a30 nmethod 7436 0x000002776d237e10 code [0x000002776d238040, 0x000002776d238818]
Event: 37.204 Thread 0x000002777f7c2a30 7437       3       org.jetbrains.kotlin.ir.expressions.IrMemberAccessExpression::putValueArgument (20 bytes)
Event: 37.204 Thread 0x000002777f7c2a30 nmethod 7437 0x000002776d238a90 code [0x000002776d238c60, 0x000002776d2390c8]
Event: 37.205 Thread 0x000002777f7c2a30 7438       1       org.jetbrains.kotlin.ir.types.impl.IrSimpleTypeImpl::getArguments (5 bytes)
Event: 37.206 Thread 0x000002777f7c2a30 nmethod 7438 0x000002777407c110 code [0x000002777407c2a0, 0x000002777407c378]
Event: 37.209 Thread 0x000002777f7c2a30 7439       3       org.jetbrains.kotlin.ir.visitors.IrElementTransformerVoid::visitFunctionAccess (16 bytes)
Event: 37.210 Thread 0x000002777f7c2a30 nmethod 7439 0x000002776d239290 code [0x000002776d2394a0, 0x000002776d239b08]
Event: 37.210 Thread 0x000002777f7c2a30 7440       3       org.jetbrains.kotlin.ir.expressions.IrMemberAccessExpression::transformChildren (63 bytes)
Event: 37.212 Thread 0x000002777f7c2a30 nmethod 7440 0x000002776d239d90 code [0x000002776d23a200, 0x000002776d23c318]
Event: 37.212 Thread 0x000002777f7c2a30 7441       1       org.jetbrains.kotlin.ir.types.impl.IrSimpleTypeImpl::getAnnotations (5 bytes)
Event: 37.212 Thread 0x000002777f7c2a30 nmethod 7441 0x000002777407c410 code [0x000002777407c5a0, 0x000002777407c678]

GC Heap History (20 events):
Event: 23.177 GC heap after
{Heap after GC invocations=26 (full 0):
 garbage-first heap   total 76800K, used 36702K [0x00000000c8e00000, 0x0000000100000000)
  region size 1024K, 2 young (2048K), 2 survivors (2048K)
 Metaspace       used 52695K, committed 52928K, reserved 1114112K
  class space    used 6280K, committed 6336K, reserved 1048576K
}
Event: 25.318 GC heap before
{Heap before GC invocations=26 (full 0):
 garbage-first heap   total 76800K, used 57182K [0x00000000c8e00000, 0x0000000100000000)
  region size 1024K, 22 young (22528K), 2 survivors (2048K)
 Metaspace       used 52835K, committed 53120K, reserved 1114112K
  class space    used 6283K, committed 6400K, reserved 1048576K
}
Event: 25.327 GC heap after
{Heap after GC invocations=27 (full 0):
 garbage-first heap   total 76800K, used 37508K [0x00000000c8e00000, 0x0000000100000000)
  region size 1024K, 3 young (3072K), 3 survivors (3072K)
 Metaspace       used 52835K, committed 53120K, reserved 1114112K
  class space    used 6283K, committed 6400K, reserved 1048576K
}
Event: 27.450 GC heap before
{Heap before GC invocations=28 (full 0):
 garbage-first heap   total 76800K, used 56964K [0x00000000c8e00000, 0x0000000100000000)
  region size 1024K, 22 young (22528K), 3 survivors (3072K)
 Metaspace       used 54286K, committed 54528K, reserved 1114112K
  class space    used 6440K, committed 6528K, reserved 1048576K
}
Event: 27.466 GC heap after
{Heap after GC invocations=29 (full 0):
 garbage-first heap   total 76800K, used 39936K [0x00000000c8e00000, 0x0000000100000000)
  region size 1024K, 3 young (3072K), 3 survivors (3072K)
 Metaspace       used 54286K, committed 54528K, reserved 1114112K
  class space    used 6440K, committed 6528K, reserved 1048576K
}
Event: 27.493 GC heap before
{Heap before GC invocations=29 (full 0):
 garbage-first heap   total 76800K, used 40960K [0x00000000c8e00000, 0x0000000100000000)
  region size 1024K, 4 young (4096K), 3 survivors (3072K)
 Metaspace       used 54290K, committed 54528K, reserved 1114112K
  class space    used 6440K, committed 6528K, reserved 1048576K
}
Event: 27.500 GC heap after
{Heap after GC invocations=30 (full 0):
 garbage-first heap   total 76800K, used 39631K [0x00000000c8e00000, 0x0000000100000000)
  region size 1024K, 1 young (1024K), 1 survivors (1024K)
 Metaspace       used 54290K, committed 54528K, reserved 1114112K
  class space    used 6440K, committed 6528K, reserved 1048576K
}
Event: 29.100 GC heap before
{Heap before GC invocations=30 (full 0):
 garbage-first heap   total 76800K, used 58063K [0x00000000c8e00000, 0x0000000100000000)
  region size 1024K, 19 young (19456K), 1 survivors (1024K)
 Metaspace       used 55005K, committed 55232K, reserved 1114112K
  class space    used 6508K, committed 6592K, reserved 1048576K
}
Event: 29.111 GC heap after
{Heap after GC invocations=31 (full 0):
 garbage-first heap   total 76800K, used 41983K [0x00000000c8e00000, 0x0000000100000000)
  region size 1024K, 3 young (3072K), 3 survivors (3072K)
 Metaspace       used 55005K, committed 55232K, reserved 1114112K
  class space    used 6508K, committed 6592K, reserved 1048576K
}
Event: 30.870 GC heap before
{Heap before GC invocations=32 (full 0):
 garbage-first heap   total 80896K, used 59391K [0x00000000c8e00000, 0x0000000100000000)
  region size 1024K, 20 young (20480K), 3 survivors (3072K)
 Metaspace       used 55690K, committed 55872K, reserved 1114112K
  class space    used 6568K, committed 6656K, reserved 1048576K
}
Event: 30.885 GC heap after
{Heap after GC invocations=33 (full 0):
 garbage-first heap   total 80896K, used 43835K [0x00000000c8e00000, 0x0000000100000000)
  region size 1024K, 2 young (2048K), 2 survivors (2048K)
 Metaspace       used 55690K, committed 55872K, reserved 1114112K
  class space    used 6568K, committed 6656K, reserved 1048576K
}
Event: 31.181 GC heap before
{Heap before GC invocations=33 (full 0):
 garbage-first heap   total 80896K, used 44859K [0x00000000c8e00000, 0x0000000100000000)
  region size 1024K, 3 young (3072K), 2 survivors (2048K)
 Metaspace       used 55713K, committed 55936K, reserved 1114112K
  class space    used 6568K, committed 6656K, reserved 1048576K
}
Event: 31.191 GC heap after
{Heap after GC invocations=34 (full 0):
 garbage-first heap   total 80896K, used 43756K [0x00000000c8e00000, 0x0000000100000000)
  region size 1024K, 1 young (1024K), 1 survivors (1024K)
 Metaspace       used 55713K, committed 55936K, reserved 1114112K
  class space    used 6568K, committed 6656K, reserved 1048576K
}
Event: 33.313 GC heap before
{Heap before GC invocations=34 (full 0):
 garbage-first heap   total 80896K, used 62188K [0x00000000c8e00000, 0x0000000100000000)
  region size 1024K, 20 young (20480K), 1 survivors (1024K)
 Metaspace       used 58311K, committed 58560K, reserved 1114112K
  class space    used 6850K, committed 6912K, reserved 1048576K
}
Event: 33.323 GC heap after
{Heap after GC invocations=35 (full 0):
 garbage-first heap   total 80896K, used 45722K [0x00000000c8e00000, 0x0000000100000000)
  region size 1024K, 3 young (3072K), 3 survivors (3072K)
 Metaspace       used 58311K, committed 58560K, reserved 1114112K
  class space    used 6850K, committed 6912K, reserved 1048576K
}
Event: 35.012 GC heap before
{Heap before GC invocations=36 (full 0):
 garbage-first heap   total 81920K, used 62106K [0x00000000c8e00000, 0x0000000100000000)
  region size 1024K, 20 young (20480K), 3 survivors (3072K)
 Metaspace       used 61368K, committed 61632K, reserved 1114112K
  class space    used 7155K, committed 7232K, reserved 1048576K
}
Event: 35.024 GC heap after
{Heap after GC invocations=37 (full 0):
 garbage-first heap   total 81920K, used 47646K [0x00000000c8e00000, 0x0000000100000000)
  region size 1024K, 2 young (2048K), 2 survivors (2048K)
 Metaspace       used 61368K, committed 61632K, reserved 1114112K
  class space    used 7155K, committed 7232K, reserved 1048576K
}
Event: 35.158 GC heap before
{Heap before GC invocations=37 (full 0):
 garbage-first heap   total 81920K, used 48670K [0x00000000c8e00000, 0x0000000100000000)
  region size 1024K, 4 young (4096K), 2 survivors (2048K)
 Metaspace       used 61835K, committed 62080K, reserved 1114112K
  class space    used 7186K, committed 7296K, reserved 1048576K
}
Event: 35.165 GC heap after
{Heap after GC invocations=38 (full 0):
 garbage-first heap   total 81920K, used 47559K [0x00000000c8e00000, 0x0000000100000000)
  region size 1024K, 1 young (1024K), 1 survivors (1024K)
 Metaspace       used 61835K, committed 62080K, reserved 1114112K
  class space    used 7186K, committed 7296K, reserved 1048576K
}
Event: 37.213 GC heap before
{Heap before GC invocations=38 (full 0):
 garbage-first heap   total 81920K, used 64967K [0x00000000c8e00000, 0x0000000100000000)
  region size 1024K, 18 young (18432K), 1 survivors (1024K)
 Metaspace       used 64593K, committed 64896K, reserved 1114112K
  class space    used 7527K, committed 7680K, reserved 1048576K
}

Dll operation events (2 events):
Event: 0.468 Loaded shared library C:\Program Files\Android\Android Studio2\jbr\bin\java.dll
Event: 8.303 Loaded shared library C:\Program Files\Android\Android Studio2\jbr\bin\verify.dll

Deoptimization events (20 events):
Event: 36.695 Thread 0x0000027768dbc0d0 Uncommon trap: trap_request=0xffffffde fr.pc=0x0000027773e90a4c relative=0x000000000000018c
Event: 36.695 Thread 0x0000027768dbc0d0 Uncommon trap: reason=class_check action=maybe_recompile pc=0x0000027773e90a4c method=java.util.regex.Pattern$BmpCharProperty.match(Ljava/util/regex/Matcher;ILjava/lang/CharSequence;)Z @ 19 c2
Event: 36.695 Thread 0x0000027768dbc0d0 DEOPT PACKING pc=0x0000027773e90a4c sp=0x000000dc082fd5e0
Event: 36.695 Thread 0x0000027768dbc0d0 DEOPT UNPACKING pc=0x00000277738069a3 sp=0x000000dc082fd598 mode 2
Event: 36.695 Thread 0x0000027768dbc0d0 Uncommon trap: trap_request=0xffffffde fr.pc=0x0000027773e90a4c relative=0x000000000000018c
Event: 36.695 Thread 0x0000027768dbc0d0 Uncommon trap: reason=class_check action=maybe_recompile pc=0x0000027773e90a4c method=java.util.regex.Pattern$BmpCharProperty.match(Ljava/util/regex/Matcher;ILjava/lang/CharSequence;)Z @ 19 c2
Event: 36.695 Thread 0x0000027768dbc0d0 DEOPT PACKING pc=0x0000027773e90a4c sp=0x000000dc082fd5e0
Event: 36.695 Thread 0x0000027768dbc0d0 DEOPT UNPACKING pc=0x00000277738069a3 sp=0x000000dc082fd598 mode 2
Event: 36.695 Thread 0x0000027768dbc0d0 Uncommon trap: trap_request=0xffffffde fr.pc=0x0000027773e90a4c relative=0x000000000000018c
Event: 36.695 Thread 0x0000027768dbc0d0 Uncommon trap: reason=class_check action=maybe_recompile pc=0x0000027773e90a4c method=java.util.regex.Pattern$BmpCharProperty.match(Ljava/util/regex/Matcher;ILjava/lang/CharSequence;)Z @ 19 c2
Event: 36.695 Thread 0x0000027768dbc0d0 DEOPT PACKING pc=0x0000027773e90a4c sp=0x000000dc082fd5e0
Event: 36.695 Thread 0x0000027768dbc0d0 DEOPT UNPACKING pc=0x00000277738069a3 sp=0x000000dc082fd598 mode 2
Event: 36.695 Thread 0x0000027768dbc0d0 Uncommon trap: trap_request=0xffffffde fr.pc=0x0000027773f4d710 relative=0x00000000000004b0
Event: 36.695 Thread 0x0000027768dbc0d0 Uncommon trap: reason=class_check action=maybe_recompile pc=0x0000027773f4d710 method=java.util.regex.Pattern$BmpCharProperty.match(Ljava/util/regex/Matcher;ILjava/lang/CharSequence;)Z @ 19 c2
Event: 36.695 Thread 0x0000027768dbc0d0 DEOPT PACKING pc=0x0000027773f4d710 sp=0x000000dc082fd730
Event: 36.695 Thread 0x0000027768dbc0d0 DEOPT UNPACKING pc=0x00000277738069a3 sp=0x000000dc082fd5a0 mode 2
Event: 36.812 Thread 0x0000027768dbc0d0 Uncommon trap: trap_request=0xffffffde fr.pc=0x0000027773eafa70 relative=0x0000000000000490
Event: 36.812 Thread 0x0000027768dbc0d0 Uncommon trap: reason=class_check action=maybe_recompile pc=0x0000027773eafa70 method=java.util.regex.Pattern$BmpCharProperty.match(Ljava/util/regex/Matcher;ILjava/lang/CharSequence;)Z @ 19 c2
Event: 36.812 Thread 0x0000027768dbc0d0 DEOPT PACKING pc=0x0000027773eafa70 sp=0x000000dc082fcaf0
Event: 36.812 Thread 0x0000027768dbc0d0 DEOPT UNPACKING pc=0x00000277738069a3 sp=0x000000dc082fc9c8 mode 2

Classes unloaded (0 events):
No events

Classes redefined (0 events):
No events

Internal exceptions (20 events):
Event: 14.560 Thread 0x0000027768dbc0d0 Exception <a 'java/lang/NoSuchMethodError'{0x00000000cb39c538}: 'java.lang.Object java.lang.invoke.DirectMethodHandle$Holder.newInvokeSpecial(java.lang.Object, java.lang.Object, java.lang.Object, int)'> (0x00000000cb39c538) 
thrown [s\src\hotspot\share\interpreter\linkResolver.cpp, line 771]
Event: 14.563 Thread 0x0000027768dbc0d0 Exception <a 'java/lang/NoSuchMethodError'{0x00000000cb3a0bc0}: 'java.lang.Object java.lang.invoke.DirectMethodHandle$Holder.invokeSpecial(java.lang.Object, java.lang.Object, java.lang.Object, java.lang.Object, int)'> (0x00000000cb3a0bc0) 
thrown [s\src\hotspot\share\interpreter\linkResolver.cpp, line 771]
Event: 14.564 Thread 0x0000027768dbc0d0 Exception <a 'java/lang/NoSuchMethodError'{0x00000000cb3a4a30}: 'java.lang.Object java.lang.invoke.Invokers$Holder.linkToTargetMethod(java.lang.Object, java.lang.Object, int, java.lang.Object)'> (0x00000000cb3a4a30) 
thrown [s\src\hotspot\share\interpreter\linkResolver.cpp, line 771]
Event: 19.120 Thread 0x0000027768dbc0d0 Exception <a 'java/lang/NoSuchMethodError'{0x00000000cbbfeff0}: 'java.lang.Object java.lang.invoke.DirectMethodHandle$Holder.newInvokeSpecial(java.lang.Object, java.lang.Object, java.lang.Object, java.lang.Object, java.lang.Object, java.lang.Object)'> (0x00000000cbbfeff0) 
thrown [s\src\hotspot\share\interpreter\linkResolver.cpp, line 771]
Event: 21.088 Thread 0x0000027768dbc0d0 Exception <a 'java/lang/NoSuchMethodError'{0x00000000cb683ca8}: 'java.lang.Object java.lang.invoke.DirectMethodHandle$Holder.invokeStaticInit(java.lang.Object, java.lang.Object, java.lang.Object)'> (0x00000000cb683ca8) 
thrown [s\src\hotspot\share\interpreter\linkResolver.cpp, line 771]
Event: 25.770 Thread 0x0000027768dbc0d0 Exception <a 'java/lang/NoSuchMethodError'{0x00000000cd1ea090}: 'int java.lang.invoke.DirectMethodHandle$Holder.invokeStaticInit(java.lang.Object, int)'> (0x00000000cd1ea090) 
thrown [s\src\hotspot\share\interpreter\linkResolver.cpp, line 771]
Event: 26.934 Thread 0x0000027768dbc0d0 Implicit null exception at 0x0000027773f7eda5 to 0x0000027773f7f15c
Event: 27.021 Thread 0x0000027768dbc0d0 Implicit null exception at 0x0000027773d9cd0e to 0x0000027773d9cf64
Event: 27.028 Thread 0x0000027768dbc0d0 Implicit null exception at 0x0000027773db0b8f to 0x0000027773db0c05
Event: 28.866 Thread 0x0000027768dbc0d0 Implicit null exception at 0x0000027773e4a389 to 0x0000027773e4a470
Event: 28.867 Thread 0x0000027768dbc0d0 Implicit null exception at 0x0000027773db7358 to 0x0000027773db73ea
Event: 30.840 Thread 0x0000027768dbc0d0 Implicit null exception at 0x0000027773f903b4 to 0x0000027773f90441
Event: 31.610 Thread 0x0000027768dbc0d0 Exception <a 'java/lang/NoSuchMethodError'{0x00000000cd653c90}: 'java.lang.Object java.lang.invoke.DirectMethodHandle$Holder.newInvokeSpecial(java.lang.Object, int, java.lang.Object)'> (0x00000000cd653c90) 
thrown [s\src\hotspot\share\interpreter\linkResolver.cpp, line 771]
Event: 31.613 Thread 0x0000027768dbc0d0 Exception <a 'java/lang/NoSuchMethodError'{0x00000000cd65a840}: 'int java.lang.invoke.DirectMethodHandle$Holder.invokeInterface(java.lang.Object, java.lang.Object)'> (0x00000000cd65a840) 
thrown [s\src\hotspot\share\interpreter\linkResolver.cpp, line 771]
Event: 31.775 Thread 0x0000027768dbc0d0 Exception <a 'java/lang/NoSuchMethodError'{0x00000000cd56b438}: 'java.lang.Object java.lang.invoke.DirectMethodHandle$Holder.newInvokeSpecial(java.lang.Object, java.lang.Object, java.lang.Object, java.lang.Object, java.lang.Object, java.lang.Object, java.lang.Object)'> (0x00000000cd56b438) 
thrown [s\src\hotspot\share\interpreter\linkResolver.cpp, line 771]
Event: 31.783 Thread 0x0000027768dbc0d0 Exception <a 'java/lang/NoSuchMethodError'{0x00000000cd56fff0}: 'java.lang.Object java.lang.invoke.Invokers$Holder.linkToTargetMethod(java.lang.Object, java.lang.Object, java.lang.Object, java.lang.Object, java.lang.Object, java.lang.Object, java.lang.Object)'> (0x00000000cd56fff0) 
thrown [s\src\hotspot\share\interpreter\linkResolver.cpp, line 771]
Event: 32.696 Thread 0x0000027768dbc0d0 Implicit null exception at 0x0000027773e0190c to 0x0000027773e01b74
Event: 35.431 Thread 0x0000027768dbc0d0 Exception <a 'java/lang/NoSuchMethodError'{0x00000000cdaada90}: 'java.lang.Object java.lang.invoke.DirectMethodHandle$Holder.invokeSpecial(java.lang.Object, java.lang.Object, int, int, java.lang.Object, java.lang.Object, java.lang.Object, java.lang.Object, java.lang.Object)'> (0x00000000cdaada90) 
thrown [s\src\hotspot\share\interpreter\linkResolver.cpp, line 771]
Event: 35.442 Thread 0x0000027768dbc0d0 Exception <a 'java/lang/NoSuchMethodError'{0x00000000cdac7ca8}: 'java.lang.Object java.lang.invoke.DirectMethodHandle$Holder.invokeStatic(java.lang.Object, int, java.lang.Object)'> (0x00000000cdac7ca8) 
thrown [s\src\hotspot\share\interpreter\linkResolver.cpp, line 771]
Event: 35.466 Thread 0x0000027768dbc0d0 Exception <a 'java/lang/NoSuchMethodError'{0x00000000cdaef448}: 'java.lang.Object java.lang.invoke.DirectMethodHandle$Holder.newInvokeSpecial(java.lang.Object, int, java.lang.Object, java.lang.Object)'> (0x00000000cdaef448) 
thrown [s\src\hotspot\share\interpreter\linkResolver.cpp, line 771]

VM Operations (20 events):
Event: 35.652 Executing VM operation: HandshakeAllThreads done
Event: 35.663 Executing VM operation: HandshakeAllThreads
Event: 35.663 Executing VM operation: HandshakeAllThreads done
Event: 35.664 Executing VM operation: HandshakeAllThreads
Event: 35.664 Executing VM operation: HandshakeAllThreads done
Event: 35.785 Executing VM operation: HandshakeAllThreads
Event: 35.786 Executing VM operation: HandshakeAllThreads done
Event: 36.004 Executing VM operation: HandshakeAllThreads
Event: 36.004 Executing VM operation: HandshakeAllThreads done
Event: 36.389 Executing VM operation: ICBufferFull
Event: 36.389 Executing VM operation: ICBufferFull done
Event: 36.441 Executing VM operation: HandshakeAllThreads
Event: 36.441 Executing VM operation: HandshakeAllThreads done
Event: 36.461 Executing VM operation: HandshakeAllThreads
Event: 36.462 Executing VM operation: HandshakeAllThreads done
Event: 36.464 Executing VM operation: HandshakeAllThreads
Event: 36.464 Executing VM operation: HandshakeAllThreads done
Event: 36.752 Executing VM operation: HandshakeAllThreads
Event: 36.753 Executing VM operation: HandshakeAllThreads done
Event: 37.213 Executing VM operation: G1CollectForAllocation

Events (20 events):
Event: 29.976 Thread 0x000002777fa142e0 flushing nmethod 0x000002776cff5810
Event: 29.977 Thread 0x000002777fa142e0 flushing nmethod 0x000002776d029590
Event: 31.763 loading class java/util/Collections$CopiesList
Event: 31.763 loading class java/util/Collections$CopiesList done
Event: 35.667 Thread 0x000002777fa142e0 flushing nmethod 0x0000027773f25b10
Event: 35.687 Thread 0x000002777fa142e0 flushing nmethod 0x000002776cf85890
Event: 36.121 loading class java/lang/invoke/BoundMethodHandle$Species_LLL
Event: 36.125 loading class java/lang/invoke/BoundMethodHandle$Species_LLL done
Event: 36.129 loading class java/lang/invoke/MethodHandles$1
Event: 36.130 loading class java/lang/invoke/MethodHandles$1 done
Event: 36.130 loading class java/lang/invoke/BoundMethodHandle$Species_LJ
Event: 36.131 loading class java/lang/invoke/BoundMethodHandle$Species_LJ done
Event: 36.134 loading class java/lang/invoke/BoundMethodHandle$Species_LLLL
Event: 36.134 loading class java/lang/invoke/BoundMethodHandle$Species_LLLL done
Event: 37.083 loading class java/lang/invoke/BoundMethodHandle$Species_LLLLL
Event: 37.085 loading class java/lang/invoke/BoundMethodHandle$Species_LLLLL done
Event: 37.154 loading class java/lang/invoke/BoundMethodHandle$Species_LLLLLL
Event: 37.156 loading class java/lang/invoke/BoundMethodHandle$Species_LLLLLL done
Event: 37.159 loading class java/lang/invoke/BoundMethodHandle$Species_LLLLLLL
Event: 37.160 loading class java/lang/invoke/BoundMethodHandle$Species_LLLLLLL done


Dynamic libraries:
0x00007ff7b9f00000 - 0x00007ff7b9f0a000 	C:\Program Files\Android\Android Studio2\jbr\bin\java.exe
0x00007ffca6210000 - 0x00007ffca6427000 	C:\WINDOWS\SYSTEM32\ntdll.dll
0x00007ffca4d50000 - 0x00007ffca4e14000 	C:\WINDOWS\System32\KERNEL32.DLL
0x00007ffca3680000 - 0x00007ffca3a2d000 	C:\WINDOWS\System32\KERNELBASE.dll
0x00007ffc9f4c0000 - 0x00007ffc9f557000 	C:\WINDOWS\SYSTEM32\apphelp.dll
0x00007ffca3a30000 - 0x00007ffca3b41000 	C:\WINDOWS\System32\ucrtbase.dll
0x00007ffc8c5c0000 - 0x00007ffc8c5d7000 	C:\Program Files\Android\Android Studio2\jbr\bin\jli.dll
0x00007ffca5f70000 - 0x00007ffca611e000 	C:\WINDOWS\System32\USER32.dll
0x00007ffca35d0000 - 0x00007ffca35f6000 	C:\WINDOWS\System32\win32u.dll
0x00007ffca4ba0000 - 0x00007ffca4bc9000 	C:\WINDOWS\System32\GDI32.dll
0x00007ffca3df0000 - 0x00007ffca3f09000 	C:\WINDOWS\System32\gdi32full.dll
0x00007ffca3530000 - 0x00007ffca35ca000 	C:\WINDOWS\System32\msvcp_win.dll
0x00007ffc84160000 - 0x00007ffc8417b000 	C:\Program Files\Android\Android Studio2\jbr\bin\VCRUNTIME140.dll
0x00007ffc8d550000 - 0x00007ffc8d7e3000 	C:\WINDOWS\WinSxS\amd64_microsoft.windows.common-controls_6595b64144ccf1df_6.0.22621.3672_none_2713b9d173822955\COMCTL32.dll
0x00007ffca6120000 - 0x00007ffca61c7000 	C:\WINDOWS\System32\msvcrt.dll
0x00007ffca45f0000 - 0x00007ffca4621000 	C:\WINDOWS\System32\IMM32.DLL
0x00007ffc951c0000 - 0x00007ffc951cc000 	C:\Program Files\Android\Android Studio2\jbr\bin\vcruntime140_1.dll
0x00007ffc76a70000 - 0x00007ffc76afd000 	C:\Program Files\Android\Android Studio2\jbr\bin\msvcp140.dll
0x00007ffc399b0000 - 0x00007ffc3a633000 	C:\Program Files\Android\Android Studio2\jbr\bin\server\jvm.dll
0x00007ffca4bd0000 - 0x00007ffca4c82000 	C:\WINDOWS\System32\ADVAPI32.dll
0x00007ffca4c90000 - 0x00007ffca4d39000 	C:\WINDOWS\System32\sechost.dll
0x00007ffca3f10000 - 0x00007ffca3f38000 	C:\WINDOWS\System32\bcrypt.dll
0x00007ffca4f30000 - 0x00007ffca5044000 	C:\WINDOWS\System32\RPCRT4.dll
0x00007ffca3400000 - 0x00007ffca344d000 	C:\WINDOWS\SYSTEM32\POWRPROF.dll
0x00007ffc95520000 - 0x00007ffc95529000 	C:\WINDOWS\SYSTEM32\WSOCK32.dll
0x00007ffca4a30000 - 0x00007ffca4aa1000 	C:\WINDOWS\System32\WS2_32.dll
0x00007ffc9c4f0000 - 0x00007ffc9c524000 	C:\WINDOWS\SYSTEM32\WINMM.dll
0x00007ffc9aad0000 - 0x00007ffc9aada000 	C:\WINDOWS\SYSTEM32\VERSION.dll
0x00007ffca33e0000 - 0x00007ffca33f3000 	C:\WINDOWS\SYSTEM32\UMPDC.dll
0x00007ffca2550000 - 0x00007ffca2568000 	C:\WINDOWS\SYSTEM32\kernel.appcore.dll
0x00007ffc95240000 - 0x00007ffc9524a000 	C:\Program Files\Android\Android Studio2\jbr\bin\jimage.dll
0x00007ffc971b0000 - 0x00007ffc973e2000 	C:\WINDOWS\SYSTEM32\DBGHELP.DLL
0x00007ffca4640000 - 0x00007ffca49ce000 	C:\WINDOWS\System32\combase.dll
0x00007ffca5050000 - 0x00007ffca5127000 	C:\WINDOWS\System32\OLEAUT32.dll
0x00007ffc91bf0000 - 0x00007ffc91c22000 	C:\WINDOWS\SYSTEM32\dbgcore.DLL
0x00007ffca3600000 - 0x00007ffca367b000 	C:\WINDOWS\System32\bcryptPrimitives.dll
0x00007ffc95210000 - 0x00007ffc95235000 	C:\Program Files\Android\Android Studio2\jbr\bin\java.dll
0x00007ffc951f0000 - 0x00007ffc95208000 	C:\Program Files\Android\Android Studio2\jbr\bin\zip.dll
0x00007ffca5130000 - 0x00007ffca5997000 	C:\WINDOWS\System32\SHELL32.dll
0x00007ffca1460000 - 0x00007ffca1d5f000 	C:\WINDOWS\SYSTEM32\windows.storage.dll
0x00007ffca1320000 - 0x00007ffca145f000 	C:\WINDOWS\SYSTEM32\wintypes.dll
0x00007ffca40f0000 - 0x00007ffca41e9000 	C:\WINDOWS\System32\SHCORE.dll
0x00007ffca4ab0000 - 0x00007ffca4b0e000 	C:\WINDOWS\System32\shlwapi.dll
0x00007ffca3460000 - 0x00007ffca3487000 	C:\WINDOWS\SYSTEM32\profapi.dll
0x00007ffc950e0000 - 0x00007ffc950f9000 	C:\Program Files\Android\Android Studio2\jbr\bin\net.dll
0x00007ffc9c830000 - 0x00007ffc9c966000 	C:\WINDOWS\SYSTEM32\WINHTTP.dll
0x00007ffca29d0000 - 0x00007ffca2a39000 	C:\WINDOWS\system32\mswsock.dll
0x00007ffc95090000 - 0x00007ffc950a6000 	C:\Program Files\Android\Android Studio2\jbr\bin\nio.dll
0x00007ffc93eb0000 - 0x00007ffc93ec0000 	C:\Program Files\Android\Android Studio2\jbr\bin\verify.dll

dbghelp: loaded successfully - version: 4.0.5 - missing functions: none
symbol engine: initialized successfully - sym options: 0x614 - pdb path: .;C:\Program Files\Android\Android Studio2\jbr\bin;C:\WINDOWS\SYSTEM32;C:\WINDOWS\WinSxS\amd64_microsoft.windows.common-controls_6595b64144ccf1df_6.0.22621.3672_none_2713b9d173822955;C:\Program Files\Android\Android Studio2\jbr\bin\server

VM Arguments:
java_command: org.jetbrains.kotlin.cli.jvm.K2JVMCompiler @C:\Users\ACER\AndroidStudioProjects\BelajarTeks\app\build\20240927_13307825043295346532.compiler.options
java_class_path (initial): C:\Users\ACER\.gradle\caches\modules-2\files-2.1\org.jetbrains.kotlin\kotlin-compiler-embeddable\1.9.0\2c8c3a7402becca891f12739b3e9fd2dc2adbd7a\kotlin-compiler-embeddable-1.9.0.jar;C:\Users\ACER\.gradle\caches\modules-2\files-2.1\org.jetbrains.kotlin\kotlin-stdlib\1.9.0\8ee15ef0c67dc83d874f412d84378d7f0eb50b63\kotlin-stdlib-1.9.0.jar;C:\Users\ACER\.gradle\caches\modules-2\files-2.1\org.jetbrains.kotlin\kotlin-script-runtime\1.9.0\4b3102cbbb7e1b58d9d1adf89563f00069ffa7d1\kotlin-script-runtime-1.9.0.jar;C:\Users\ACER\.gradle\caches\modules-2\files-2.1\org.jetbrains.kotlin\kotlin-reflect\1.6.10\1cbe9c92c12a94eea200d23c2bbaedaf3daf5132\kotlin-reflect-1.6.10.jar;C:\Users\ACER\.gradle\caches\modules-2\files-2.1\org.jetbrains.kotlin\kotlin-daemon-embeddable\1.9.0\186543f5e28cf8d9a0290fecc2cf34301c40a65c\kotlin-daemon-embeddable-1.9.0.jar;C:\Users\ACER\.gradle\caches\modules-2\files-2.1\org.jetbrains.intellij.deps\trove4j\1.0.20200330\3afb14d5f9ceb459d724e907a21145e8ff394f02\trove4j-1.0.20200330.jar;C:\Users\ACER\.gradle\caches\modules-2\files-2.1\org.jetbrains.kotlin\kotlin-stdlib-common\1.9.0\cd65c21cfd1eec4d44ef09f9f52b6d9f8a720636\kotlin-stdlib-common-1.9.0.jar;C:\Users\ACER\.gradle\caches\modules-2\files-2.1\org.jetbrains\annotations\13.0\919f0dfe192fb4e063e7dacadee7f8bb9a2672a9\annotations-13.0.jar
Launcher Type: SUN_STANDARD

[Global flags]
     intx CICompilerCount                          = 3                                         {product} {ergonomic}
     uint ConcGCThreads                            = 1                                         {product} {ergonomic}
     uint G1ConcRefinementThreads                  = 4                                         {product} {ergonomic}
   size_t G1HeapRegionSize                         = 1048576                                   {product} {ergonomic}
    uintx GCDrainStackTargetSize                   = 64                                        {product} {ergonomic}
   size_t InitialHeapSize                          = 58720256                                  {product} {ergonomic}
   size_t MarkStackSize                            = 4194304                                   {product} {ergonomic}
   size_t MaxHeapSize                              = 924844032                                 {product} {ergonomic}
   size_t MaxNewSize                               = 554696704                                 {product} {ergonomic}
   size_t MinHeapDeltaBytes                        = 1048576                                   {product} {ergonomic}
   size_t MinHeapSize                              = 8388608                                   {product} {ergonomic}
    uintx NonNMethodCodeHeapSize                   = 5832780                                {pd product} {ergonomic}
    uintx NonProfiledCodeHeapSize                  = 122912730                              {pd product} {ergonomic}
    uintx ProfiledCodeHeapSize                     = 122912730                              {pd product} {ergonomic}
    uintx ReservedCodeCacheSize                    = 251658240                              {pd product} {ergonomic}
     bool SegmentedCodeCache                       = true                                      {product} {ergonomic}
   size_t SoftMaxHeapSize                          = 924844032                              {manageable} {ergonomic}
     bool UseCompressedClassPointers               = true                           {product lp64_product} {ergonomic}
     bool UseCompressedOops                        = true                           {product lp64_product} {ergonomic}
     bool UseG1GC                                  = true                                      {product} {ergonomic}
     bool UseLargePagesIndividualAllocation        = false                                  {pd product} {ergonomic}

Logging:
Log output configuration:
 #0: stdout all=warning uptime,level,tags
 #1: stderr all=off uptime,level,tags

Environment Variables:
PATH=C:\Program Files\Common Files\Oracle\Java\javapath;C:\Program Files (x86)\Common Files\Oracle\Java\java8path;C:\Program Files (x86)\Common Files\Oracle\Java\javapath;C:\WINDOWS\system32;C:\WINDOWS;C:\WINDOWS\System32\Wbem;C:\WINDOWS\System32\WindowsPowerShell\v1.0\;C:\WINDOWS\System32\OpenSSH\;C:\Program Files\Java\jdk-19\bin;C:\Program Files\Docker\Docker\resources\bin;%NVM_HOME%;%NVM_SYMLINK%;C:\Program Files\PuTTY\;C:\Program Files\nodejs\;C:\Users\ACER\AppData\Local\Programs\Python\Python312-32\Scripts\;C:\Users\ACER\AppData\Local\Programs\Python\Python312-32\;C:\Users\ACER\AppData\Local\Microsoft\WindowsApps;C:\Users\ACER\AppData\Local\Programs\Microsoft VS Code\bin;C:\Users\ACER\AppData\Roaming\nvm;C:\Program Files\nodejs;C:\Users\ACER\AppData\Roaming\npm;C:\Users\ACER\AppData\Local\GitHubDesktop\bin
USERNAME=ACER
OS=Windows_NT
PROCESSOR_IDENTIFIER=AMD64 Family 23 Model 24 Stepping 1, AuthenticAMD
TMP=C:\Users\ACER\AppData\Local\Temp
TEMP=C:\Users\ACER\AppData\Local\Temp



Periodic native trim disabled

JNI global refs:
JNI global refs: 8, weak refs: 0

JNI global refs memory usage: 843, weak refs: 841

Process memory usage:
Resident Set Size: 212692K (5% of 3605516K total physical memory with 92988K free physical memory)

OOME stack traces (most recent first):
Classloader memory used:
Loader jdk.internal.loader.ClassLoaders$AppClassLoader                                 : 6580K
Loader bootstrap                                                                       : 1336K
Loader java.net.URLClassLoader                                                         : 147K
Loader jdk.internal.reflect.DelegatingClassLoader                                      : 9955B


---------------  S Y S T E M  ---------------

OS:
 Windows 11 , 64 bit Build 22621 (10.0.22621.3958)
OS uptime: 13 days 0:33 hours
Hyper-V role detected

CPU: total 4 (initial active 4) (4 cores per cpu, 2 threads per core) family 23 model 24 stepping 1 microcode 0x0, cx8, cmov, fxsr, ht, mmx, 3dnowpref, sse, sse2, sse3, ssse3, sse4a, sse4.1, sse4.2, popcnt, lzcnt, tsc, tscinvbit, avx, avx2, aes, clmul, bmi1, bmi2, adx, sha, fma, vzeroupper, clflush, clflushopt, hv
Processor Information for all 4 processors :
  Max Mhz: 2600, Current Mhz: 2600, Mhz Limit: 2600

Memory: 4k page, system-wide physical 3521M (91M free)
TotalPageFile size 14273M (AvailPageFile size 58M)
current process WorkingSet (physical memory assigned to process): 208M, peak: 216M
current process commit charge ("private bytes"): 267M, peak: 329M

vm_info: OpenJDK 64-Bit Server VM (17.0.11+0--11852314) for windows-amd64 JRE (17.0.11+0--11852314), built on May 16 2024 21:29:20 by "androidbuild" with MS VC++ 16.10 / 16.11 (VS2019)

END.
