#
# There is insufficient memory for the Java Runtime Environment to continue.
# Native memory allocation (mmap) failed to map 6291456 bytes. Error detail: G1 virtual space
# Possible reasons:
#   The system is out of physical RAM or swap space
#   This process is running with CompressedOops enabled, and the Java Heap may be blocking the growth of the native heap
# Possible solutions:
#   Reduce memory load on the system
#   Increase physical memory or swap space
#   Check if swap backing store is full
#   Decrease Java heap size (-Xmx/-Xms)
#   Decrease number of Java threads
#   Decrease Java thread stack sizes (-Xss)
#   Set larger code cache with -XX:ReservedCodeCacheSize=
#   JVM is running with Unscaled Compressed Oops mode in which the Java heap is
#     placed in the first 4GB address space. The Java Heap base address is the
#     maximum limit for the native heap growth. Please use -XX:HeapBaseMinAddress
#     to set the Java Heap base and to place the Java Heap above 4GB virtual address.
# This output file may be truncated or incomplete.
#
#  Out of Memory Error (os_windows.cpp:3825), pid=16396, tid=10000
#
# JRE version: OpenJDK Runtime Environment (17.0.11) (build 17.0.11+0--11852314)
# Java VM: OpenJDK 64-Bit Server VM (17.0.11+0--11852314, mixed mode, tiered, compressed oops, compressed class ptrs, g1 gc, windows-amd64)
# No core dump will be written. Minidumps are not enabled by default on client versions of Windows
#

---------------  S U M M A R Y ------------

Command Line: org.jetbrains.kotlin.cli.jvm.K2JVMCompiler @C:\Users\ACER\AndroidStudioProjects\BelajarTeks\app\build\20240927_12890127602562063685.compiler.options

Host: AMD Ryzen 3 3250U with Radeon Graphics         , 4 cores, 3G,  Windows 11 , 64 bit Build 22621 (10.0.22621.3958)
Time: Fri Sep 27 10:31:23 2024 SE Asia Standard Time elapsed time: 57.495974 seconds (0d 0h 0m 57s)

---------------  T H R E A D  ---------------

Current thread (0x000002402074efa0):  VMThread "VM Thread" [stack: 0x000000b0f7800000,0x000000b0f7900000] [id=10000]

Stack: [0x000000b0f7800000,0x000000b0f7900000]
Native frames: (J=compiled Java code, j=interpreted, Vv=VM code, C=native code)
V  [jvm.dll+0x687bb9]
V  [jvm.dll+0x84142a]
V  [jvm.dll+0x8430ae]
V  [jvm.dll+0x843713]
V  [jvm.dll+0x24a35f]
V  [jvm.dll+0x684989]
V  [jvm.dll+0x67923a]
V  [jvm.dll+0x30af0b]
V  [jvm.dll+0x3123b6]
V  [jvm.dll+0x361dfe]
V  [jvm.dll+0x36202f]
V  [jvm.dll+0x2e0d38]
V  [jvm.dll+0x2e3e26]
V  [jvm.dll+0x2ee63a]
V  [jvm.dll+0x323270]
V  [jvm.dll+0x847e0b]
V  [jvm.dll+0x848b42]
V  [jvm.dll+0x84905d]
V  [jvm.dll+0x849434]
V  [jvm.dll+0x849500]
V  [jvm.dll+0x7efa4a]
V  [jvm.dll+0x686a35]
C  [ucrtbase.dll+0x29333]
C  [KERNEL32.DLL+0x1257d]
C  [ntdll.dll+0x5af28]

VM_Operation (0x000000b0f74ff9e0): G1PauseRemark, mode: safepoint, requested by thread 0x0000024009df9e90


---------------  P R O C E S S  ---------------

Threads class SMR info:
_java_thread_list=0x0000024025eab100, length=12, elements={
0x0000024009dbb270, 0x0000024020752b60, 0x0000024020754730, 0x0000024020774f90,
0x0000024020775950, 0x0000024020776310, 0x00000240207c3100, 0x00000240207c5e00,
0x0000024020a5cc90, 0x0000024020a5d2a0, 0x0000024020b90cb0, 0x0000024020ba7020
}

Java Threads: ( => current thread )
  0x0000024009dbb270 JavaThread "main" [_thread_blocked, id=16156, stack(0x000000b0f7200000,0x000000b0f7300000)]
  0x0000024020752b60 JavaThread "Reference Handler" daemon [_thread_blocked, id=23380, stack(0x000000b0f7900000,0x000000b0f7a00000)]
  0x0000024020754730 JavaThread "Finalizer" daemon [_thread_blocked, id=12712, stack(0x000000b0f7a00000,0x000000b0f7b00000)]
  0x0000024020774f90 JavaThread "Signal Dispatcher" daemon [_thread_blocked, id=19880, stack(0x000000b0f7b00000,0x000000b0f7c00000)]
  0x0000024020775950 JavaThread "Attach Listener" daemon [_thread_blocked, id=11348, stack(0x000000b0f7c00000,0x000000b0f7d00000)]
  0x0000024020776310 JavaThread "Service Thread" daemon [_thread_blocked, id=16472, stack(0x000000b0f7d00000,0x000000b0f7e00000)]
  0x00000240207c3100 JavaThread "Monitor Deflation Thread" daemon [_thread_blocked, id=16408, stack(0x000000b0f7e00000,0x000000b0f7f00000)]
  0x00000240207c5e00 JavaThread "C2 CompilerThread0" daemon [_thread_blocked, id=19628, stack(0x000000b0f7f00000,0x000000b0f8000000)]
  0x0000024020a5cc90 JavaThread "C1 CompilerThread0" daemon [_thread_blocked, id=7484, stack(0x000000b0f8000000,0x000000b0f8100000)]
  0x0000024020a5d2a0 JavaThread "Sweeper thread" daemon [_thread_blocked, id=23408, stack(0x000000b0f8100000,0x000000b0f8200000)]
  0x0000024020b90cb0 JavaThread "Notification Thread" daemon [_thread_blocked, id=19380, stack(0x000000b0f8200000,0x000000b0f8300000)]
  0x0000024020ba7020 JavaThread "Common-Cleaner" daemon [_thread_blocked, id=8148, stack(0x000000b0f8400000,0x000000b0f8500000)]

Other Threads:
=>0x000002402074efa0 VMThread "VM Thread" [stack: 0x000000b0f7800000,0x000000b0f7900000] [id=10000]
  0x0000024020b91190 WatcherThread [stack: 0x000000b0f8300000,0x000000b0f8400000] [id=7880]
  0x0000024009df2100 GCTaskThread "GC Thread#0" [stack: 0x000000b0f7300000,0x000000b0f7400000] [id=21308]
  0x0000024020c14be0 GCTaskThread "GC Thread#1" [stack: 0x000000b0f8500000,0x000000b0f8600000] [id=6172]
  0x0000024020c117c0 GCTaskThread "GC Thread#2" [stack: 0x000000b0f8600000,0x000000b0f8700000] [id=12160]
  0x0000024025160a10 GCTaskThread "GC Thread#3" [stack: 0x000000b0f8700000,0x000000b0f8800000] [id=20004]
  0x0000024009df9e90 ConcurrentGCThread "G1 Main Marker" [stack: 0x000000b0f7400000,0x000000b0f7500000] [id=16520]
  0x0000024009dfa8b0 ConcurrentGCThread "G1 Conc#0" [stack: 0x000000b0f7500000,0x000000b0f7600000] [id=23480]
  0x0000024009e35870 ConcurrentGCThread "G1 Refine#0" [stack: 0x000000b0f7600000,0x000000b0f7700000] [id=20336]
  0x0000024025672430 ConcurrentGCThread "G1 Refine#1" [stack: 0x000000b0f8800000,0x000000b0f8900000] [id=23032]
  0x0000024009e362a0 ConcurrentGCThread "G1 Service" [stack: 0x000000b0f7700000,0x000000b0f7800000] [id=5832]

Threads with active compile tasks:
C2 CompilerThread0    57633 4922       4       org.jetbrains.org.objectweb.asm.ClassReader::readElementValue (1237 bytes)

VM state: at safepoint (normal execution)

VM Mutex/Monitor currently owned by a thread:  ([mutex/lock_event])
[0x0000024009db7d00] Threads_lock - owner thread: 0x000002402074efa0
[0x0000024009db6e60] Heap_lock - owner thread: 0x0000024009df9e90

Heap address: 0x00000000c8e00000, size: 882 MB, Compressed Oops mode: 32-bit

CDS archive(s) not mapped
Compressed class space mapped at: 0x0000000100000000-0x0000000140000000, reserved size: 1073741824
Narrow klass base: 0x0000000000000000, Narrow klass shift: 3, Narrow klass range: 0x140000000

GC Precious Log:
 CPUs: 4 total, 4 available
 Memory: 3521M
 Large Page Support: Disabled
 NUMA Support: Disabled
 Compressed Oops: Enabled (32-bit)
 Heap Region Size: 1M
 Heap Min Capacity: 8M
 Heap Initial Capacity: 56M
 Heap Max Capacity: 882M
 Pre-touch: Disabled
 Parallel Workers: 4
 Concurrent Workers: 1
 Concurrent Refinement Workers: 4
 Periodic GC: Disabled

Heap:
 garbage-first heap   total 57344K, used 35073K [0x00000000c8e00000, 0x0000000100000000)
  region size 1024K, 4 young (4096K), 1 survivors (1024K)
 Metaspace       used 52832K, committed 53120K, reserved 1114112K
  class space    used 6281K, committed 6400K, reserved 1048576K

Heap Regions: E=young(eden), S=young(survivor), O=old, HS=humongous(starts), HC=humongous(continues), CS=collection set, F=free, OA=open archive, CA=closed archive, TAMS=top-at-mark-start (previous, next)
|   0|0x00000000c8e00000, 0x00000000c8f00000, 0x00000000c8f00000|100%|HS|  |TAMS 0x00000000c8f00000, 0x00000000c8e00000| Complete 
|   1|0x00000000c8f00000, 0x00000000c9000000, 0x00000000c9000000|100%|HC|  |TAMS 0x00000000c9000000, 0x00000000c8f00000| Complete 
|   2|0x00000000c9000000, 0x00000000c9100000, 0x00000000c9100000|100%|HC|  |TAMS 0x00000000c9100000, 0x00000000c9000000| Complete 
|   3|0x00000000c9100000, 0x00000000c9200000, 0x00000000c9200000|100%|HC|  |TAMS 0x00000000c9200000, 0x00000000c9100000| Complete 
|   4|0x00000000c9200000, 0x00000000c92f1c00, 0x00000000c9300000| 94%| O|  |TAMS 0x00000000c92f1c00, 0x00000000c9200000| Untracked 
|   5|0x00000000c9300000, 0x00000000c9400000, 0x00000000c9400000|100%| O|  |TAMS 0x00000000c9400000, 0x00000000c9300000| Untracked 
|   6|0x00000000c9400000, 0x00000000c9500000, 0x00000000c9500000|100%| O|  |TAMS 0x00000000c9500000, 0x00000000c9400000| Untracked 
|   7|0x00000000c9500000, 0x00000000c9600000, 0x00000000c9600000|100%| O|  |TAMS 0x00000000c9600000, 0x00000000c9500000| Untracked 
|   8|0x00000000c9600000, 0x00000000c9700000, 0x00000000c9700000|100%| O|  |TAMS 0x00000000c9700000, 0x00000000c9600000| Untracked 
|   9|0x00000000c9700000, 0x00000000c9800000, 0x00000000c9800000|100%| O|  |TAMS 0x00000000c9800000, 0x00000000c9700000| Updating 
|  10|0x00000000c9800000, 0x00000000c9900000, 0x00000000c9900000|100%| O|  |TAMS 0x00000000c9900000, 0x00000000c9800000| Untracked 
|  11|0x00000000c9900000, 0x00000000c9a00000, 0x00000000c9a00000|100%| O|  |TAMS 0x00000000c9a00000, 0x00000000c9900000| Untracked 
|  12|0x00000000c9a00000, 0x00000000c9b00000, 0x00000000c9b00000|100%| O|  |TAMS 0x00000000c9b00000, 0x00000000c9a00000| Updating 
|  13|0x00000000c9b00000, 0x00000000c9c00000, 0x00000000c9c00000|100%| O|  |TAMS 0x00000000c9c00000, 0x00000000c9b00000| Untracked 
|  14|0x00000000c9c00000, 0x00000000c9d00000, 0x00000000c9d00000|100%| O|  |TAMS 0x00000000c9d00000, 0x00000000c9c00000| Updating 
|  15|0x00000000c9d00000, 0x00000000c9e00000, 0x00000000c9e00000|100%| O|  |TAMS 0x00000000c9e00000, 0x00000000c9d00000| Untracked 
|  16|0x00000000c9e00000, 0x00000000c9f00000, 0x00000000c9f00000|100%| O|  |TAMS 0x00000000c9f00000, 0x00000000c9e00000| Updating 
|  17|0x00000000c9f00000, 0x00000000ca000000, 0x00000000ca000000|100%| O|  |TAMS 0x00000000ca000000, 0x00000000c9f00000| Updating 
|  18|0x00000000ca000000, 0x00000000ca100000, 0x00000000ca100000|100%| O|  |TAMS 0x00000000ca100000, 0x00000000ca000000| Updating 
|  19|0x00000000ca100000, 0x00000000ca200000, 0x00000000ca200000|100%| O|  |TAMS 0x00000000ca200000, 0x00000000ca100000| Untracked 
|  20|0x00000000ca200000, 0x00000000ca300000, 0x00000000ca300000|100%| O|  |TAMS 0x00000000ca300000, 0x00000000ca200000| Untracked 
|  21|0x00000000ca300000, 0x00000000ca400000, 0x00000000ca400000|100%| O|  |TAMS 0x00000000ca400000, 0x00000000ca300000| Untracked 
|  22|0x00000000ca400000, 0x00000000ca500000, 0x00000000ca500000|100%|HS|  |TAMS 0x00000000ca500000, 0x00000000ca400000| Complete 
|  23|0x00000000ca500000, 0x00000000ca600000, 0x00000000ca600000|100%|HC|  |TAMS 0x00000000ca600000, 0x00000000ca500000| Complete 
|  24|0x00000000ca600000, 0x00000000ca700000, 0x00000000ca700000|100%| O|  |TAMS 0x00000000ca700000, 0x00000000ca600000| Untracked 
|  25|0x00000000ca700000, 0x00000000ca800000, 0x00000000ca800000|100%| O|  |TAMS 0x00000000ca800000, 0x00000000ca700000| Untracked 
|  26|0x00000000ca800000, 0x00000000ca900000, 0x00000000ca900000|100%| O|  |TAMS 0x00000000ca900000, 0x00000000ca800000| Untracked 
|  27|0x00000000ca900000, 0x00000000caa00000, 0x00000000caa00000|100%| O|  |TAMS 0x00000000caa00000, 0x00000000ca900000| Untracked 
|  28|0x00000000caa00000, 0x00000000cab00000, 0x00000000cab00000|100%| O|  |TAMS 0x00000000cab00000, 0x00000000caa00000| Untracked 
|  29|0x00000000cab00000, 0x00000000cac00000, 0x00000000cac00000|100%| O|  |TAMS 0x00000000cabf6a00, 0x00000000cab00000| Untracked 
|  30|0x00000000cac00000, 0x00000000cad00000, 0x00000000cad00000|100%| O|  |TAMS 0x00000000cac00000, 0x00000000cac00000| Untracked 
|  31|0x00000000cad00000, 0x00000000cad7f400, 0x00000000cae00000| 49%| O|  |TAMS 0x00000000cad00000, 0x00000000cad00000| Updating 
|  32|0x00000000cae00000, 0x00000000caf00000, 0x00000000caf00000|100%|HS|  |TAMS 0x00000000cae00000, 0x00000000cae00000| Complete 
|  33|0x00000000caf00000, 0x00000000caf00000, 0x00000000cb000000|  0%| F|  |TAMS 0x00000000caf00000, 0x00000000caf00000| Untracked 
|  34|0x00000000cb000000, 0x00000000cb000000, 0x00000000cb100000|  0%| F|  |TAMS 0x00000000cb000000, 0x00000000cb000000| Untracked 
|  35|0x00000000cb100000, 0x00000000cb100000, 0x00000000cb200000|  0%| F|  |TAMS 0x00000000cb100000, 0x00000000cb100000| Untracked 
|  36|0x00000000cb200000, 0x00000000cb200000, 0x00000000cb300000|  0%| F|  |TAMS 0x00000000cb200000, 0x00000000cb200000| Untracked 
|  37|0x00000000cb300000, 0x00000000cb300000, 0x00000000cb400000|  0%| F|  |TAMS 0x00000000cb300000, 0x00000000cb300000| Untracked 
|  38|0x00000000cb400000, 0x00000000cb400000, 0x00000000cb500000|  0%| F|  |TAMS 0x00000000cb400000, 0x00000000cb400000| Untracked 
|  39|0x00000000cb500000, 0x00000000cb500000, 0x00000000cb600000|  0%| F|  |TAMS 0x00000000cb500000, 0x00000000cb500000| Untracked 
|  40|0x00000000cb600000, 0x00000000cb600000, 0x00000000cb700000|  0%| F|  |TAMS 0x00000000cb600000, 0x00000000cb600000| Untracked 
|  41|0x00000000cb700000, 0x00000000cb700000, 0x00000000cb800000|  0%| F|  |TAMS 0x00000000cb700000, 0x00000000cb700000| Untracked 
|  42|0x00000000cb800000, 0x00000000cb800000, 0x00000000cb900000|  0%| F|  |TAMS 0x00000000cb800000, 0x00000000cb800000| Untracked 
|  43|0x00000000cb900000, 0x00000000cb900000, 0x00000000cba00000|  0%| F|  |TAMS 0x00000000cb900000, 0x00000000cb900000| Untracked 
|  44|0x00000000cba00000, 0x00000000cba00000, 0x00000000cbb00000|  0%| F|  |TAMS 0x00000000cba00000, 0x00000000cba00000| Untracked 
|  45|0x00000000cbb00000, 0x00000000cbb00000, 0x00000000cbc00000|  0%| F|  |TAMS 0x00000000cbb00000, 0x00000000cbb00000| Untracked 
|  46|0x00000000cbc00000, 0x00000000cbc00000, 0x00000000cbd00000|  0%| F|  |TAMS 0x00000000cbc00000, 0x00000000cbc00000| Untracked 
|  47|0x00000000cbd00000, 0x00000000cbdcf7b0, 0x00000000cbe00000| 81%| S|CS|TAMS 0x00000000cbd00000, 0x00000000cbd00000| Complete 
|  48|0x00000000cbe00000, 0x00000000cbe00000, 0x00000000cbf00000|  0%| F|  |TAMS 0x00000000cbe00000, 0x00000000cbe00000| Untracked 
|  49|0x00000000cbf00000, 0x00000000cbf56b38, 0x00000000cc000000| 33%| E|  |TAMS 0x00000000cbf00000, 0x00000000cbf00000| Complete 
|  50|0x00000000cc000000, 0x00000000cc100000, 0x00000000cc100000|100%| E|  |TAMS 0x00000000cc000000, 0x00000000cc000000| Complete 
|  51|0x00000000cc100000, 0x00000000cc100000, 0x00000000cc200000|  0%| F|  |TAMS 0x00000000cc100000, 0x00000000cc100000| Untracked 
|  52|0x00000000cc200000, 0x00000000cc200000, 0x00000000cc300000|  0%| F|  |TAMS 0x00000000cc200000, 0x00000000cc200000| Untracked 
|  53|0x00000000cc300000, 0x00000000cc300000, 0x00000000cc400000|  0%| F|  |TAMS 0x00000000cc300000, 0x00000000cc300000| Untracked 
|  54|0x00000000cc400000, 0x00000000cc400000, 0x00000000cc500000|  0%| F|  |TAMS 0x00000000cc400000, 0x00000000cc400000| Untracked 
|  55|0x00000000cc500000, 0x00000000cc600000, 0x00000000cc600000|100%| E|CS|TAMS 0x00000000cc500000, 0x00000000cc500000| Complete 

Card table byte_map: [0x000002401c280000,0x000002401c440000] _byte_map_base: 0x000002401bc39000

Marking Bits (Prev, Next): (CMBitMap*) 0x0000024009df2720, (CMBitMap*) 0x0000024009df2760
 Prev Bits: [0x000002401c600000, 0x000002401d3c8000)
 Next Bits: [0x000002401d3d0000, 0x000002401e198000)

Polling page: 0x0000024007bb0000

Metaspace:

Usage:
  Non-class:     45.46 MB used.
      Class:      6.13 MB used.
       Both:     51.59 MB used.

Virtual space:
  Non-class space:       64.00 MB reserved,      45.62 MB ( 71%) committed,  1 nodes.
      Class space:        1.00 GB reserved,       6.25 MB ( <1%) committed,  1 nodes.
             Both:        1.06 GB reserved,      51.88 MB (  5%) committed. 

Chunk freelists:
   Non-Class:  1.56 MB
       Class:  9.73 MB
        Both:  11.30 MB

MaxMetaspaceSize: unlimited
CompressedClassSpaceSize: 1.00 GB
Initial GC threshold: 21.00 MB
Current GC threshold: 85.00 MB
CDS: off
MetaspaceReclaimPolicy: balanced
 - commit_granule_bytes: 65536.
 - commit_granule_words: 8192.
 - virtual_space_node_default_size: 8388608.
 - enlarge_chunks_in_place: 1.
 - new_chunks_are_fully_committed: 0.
 - uncommit_free_chunks: 1.
 - use_allocation_guard: 0.
 - handle_deallocations: 1.


Internal statistics:

num_allocs_failed_limit: 6.
num_arena_births: 182.
num_arena_deaths: 0.
num_vsnodes_births: 2.
num_vsnodes_deaths: 0.
num_space_committed: 828.
num_space_uncommitted: 0.
num_chunks_returned_to_freelist: 6.
num_chunks_taken_from_freelist: 1722.
num_chunk_merges: 3.
num_chunk_splits: 1443.
num_chunks_enlarged: 1311.
num_inconsistent_stats: 0.

CodeHeap 'non-profiled nmethods': size=120000Kb used=2082Kb max_used=2082Kb free=117917Kb
 bounds [0x0000024014d50000, 0x0000024014fc0000, 0x000002401c280000]
CodeHeap 'profiled nmethods': size=120000Kb used=12246Kb max_used=12246Kb free=107753Kb
 bounds [0x000002400d280000, 0x000002400de80000, 0x00000240147b0000]
CodeHeap 'non-nmethods': size=5760Kb used=1275Kb max_used=1332Kb free=4484Kb
 bounds [0x00000240147b0000, 0x0000024014a20000, 0x0000024014d50000]
 total_blobs=5506 nmethods=4913 adapters=505
 compilation: enabled
              stopped_count=0, restarted_count=0
 full_count=0

Compilation events (20 events):
Event: 57.246 Thread 0x00000240207c5e00 nmethod 4911 0x0000024014f57c90 code [0x0000024014f57e40, 0x0000024014f58538]
Event: 57.248 Thread 0x0000024020a5cc90 4913       3       kotlin.sequences.SequencesKt___SequencesKt::firstOrNull (31 bytes)
Event: 57.249 Thread 0x0000024020a5cc90 nmethod 4913 0x000002400de6bb90 code [0x000002400de6bde0, 0x000002400de6c5e8]
Event: 57.252 Thread 0x0000024020a5cc90 4914   !   3       org.jetbrains.kotlin.cli.jvm.index.JvmDependenciesDynamicCompoundIndex::findClass (93 bytes)
Event: 57.258 Thread 0x0000024020a5cc90 nmethod 4914 0x000002400de6c890 code [0x000002400de6ce80, 0x000002400de6fcd8]
Event: 57.258 Thread 0x0000024020a5cc90 4915       3       org.jetbrains.kotlin.cli.jvm.index.JvmDependenciesDynamicCompoundIndex$findClass$$inlined$read$lambda$1::<init> (27 bytes)
Event: 57.258 Thread 0x0000024020a5cc90 nmethod 4915 0x000002400de71190 code [0x000002400de71340, 0x000002400de71678]
Event: 57.258 Thread 0x0000024020a5cc90 4916       3       org.jetbrains.kotlin.cli.jvm.index.JvmDependenciesDynamicCompoundIndex$findClass$$inlined$read$lambda$1::invoke (9 bytes)
Event: 57.259 Thread 0x0000024020a5cc90 nmethod 4916 0x000002400de71790 code [0x000002400de719c0, 0x000002400de72188]
Event: 57.260 Thread 0x0000024020a5cc90 4917       3       org.jetbrains.kotlin.com.intellij.mock.MockApplication::getService (15 bytes)
Event: 57.260 Thread 0x0000024020a5cc90 nmethod 4917 0x000002400de72410 code [0x000002400de725c0, 0x000002400de72778]
Event: 57.260 Thread 0x0000024020a5cc90 4918   !   3       org.jetbrains.kotlin.com.intellij.mock.MockApplication::doGetService (95 bytes)
Event: 57.262 Thread 0x0000024020a5cc90 nmethod 4918 0x000002400de72890 code [0x000002400de72ba0, 0x000002400de73d48]
Event: 57.262 Thread 0x0000024020a5cc90 4919       3       org.jetbrains.kotlin.load.kotlin.FileBasedKotlinClass::convertAnnotationVisitor (56 bytes)
Event: 57.263 Thread 0x0000024020a5cc90 nmethod 4919 0x000002400de74490 code [0x000002400de74680, 0x000002400de74a58]
Event: 57.264 Thread 0x0000024020a5cc90 4920       3       java.util.concurrent.locks.ReentrantReadWriteLock$NonfairSync::readerShouldBlock (5 bytes)
Event: 57.264 Thread 0x0000024020a5cc90 nmethod 4920 0x000002400de74b90 code [0x000002400de74d20, 0x000002400de74e68]
Event: 57.272 Thread 0x0000024020a5cc90 4921       3       java.util.ArrayList$SubList::toArray (79 bytes)
Event: 57.273 Thread 0x0000024020a5cc90 nmethod 4921 0x000002400de74f10 code [0x000002400de75100, 0x000002400de757c8]
Event: 57.286 Thread 0x00000240207c5e00 4922       4       org.jetbrains.org.objectweb.asm.ClassReader::readElementValue (1237 bytes)

GC Heap History (20 events):
Event: 46.759 GC heap before
{Heap before GC invocations=14 (full 0):
 garbage-first heap   total 40960K, used 30043K [0x00000000c8e00000, 0x0000000100000000)
  region size 1024K, 12 young (12288K), 2 survivors (2048K)
 Metaspace       used 42516K, committed 42752K, reserved 1114112K
  class space    used 5190K, committed 5312K, reserved 1048576K
}
Event: 46.766 GC heap after
{Heap after GC invocations=15 (full 0):
 garbage-first heap   total 40960K, used 21391K [0x00000000c8e00000, 0x0000000100000000)
  region size 1024K, 2 young (2048K), 2 survivors (2048K)
 Metaspace       used 42516K, committed 42752K, reserved 1114112K
  class space    used 5190K, committed 5312K, reserved 1048576K
}
Event: 50.074 GC heap before
{Heap before GC invocations=15 (full 0):
 garbage-first heap   total 40960K, used 30607K [0x00000000c8e00000, 0x0000000100000000)
  region size 1024K, 12 young (12288K), 2 survivors (2048K)
 Metaspace       used 45625K, committed 45888K, reserved 1114112K
  class space    used 5572K, committed 5696K, reserved 1048576K
}
Event: 50.084 GC heap after
{Heap after GC invocations=16 (full 0):
 garbage-first heap   total 40960K, used 22075K [0x00000000c8e00000, 0x0000000100000000)
  region size 1024K, 2 young (2048K), 2 survivors (2048K)
 Metaspace       used 45625K, committed 45888K, reserved 1114112K
  class space    used 5572K, committed 5696K, reserved 1048576K
}
Event: 50.601 GC heap before
{Heap before GC invocations=17 (full 0):
 garbage-first heap   total 40960K, used 24123K [0x00000000c8e00000, 0x0000000100000000)
  region size 1024K, 6 young (6144K), 2 survivors (2048K)
 Metaspace       used 46309K, committed 46528K, reserved 1114112K
  class space    used 5645K, committed 5760K, reserved 1048576K
}
Event: 50.609 GC heap after
{Heap after GC invocations=18 (full 0):
 garbage-first heap   total 40960K, used 22476K [0x00000000c8e00000, 0x0000000100000000)
  region size 1024K, 2 young (2048K), 2 survivors (2048K)
 Metaspace       used 46309K, committed 46528K, reserved 1114112K
  class space    used 5645K, committed 5760K, reserved 1048576K
}
Event: 51.284 GC heap before
{Heap before GC invocations=19 (full 0):
 garbage-first heap   total 45056K, used 32716K [0x00000000c8e00000, 0x0000000100000000)
  region size 1024K, 11 young (11264K), 2 survivors (2048K)
 Metaspace       used 47048K, committed 47232K, reserved 1114112K
  class space    used 5728K, committed 5824K, reserved 1048576K
}
Event: 51.297 GC heap after
{Heap after GC invocations=20 (full 0):
 garbage-first heap   total 45056K, used 26736K [0x00000000c8e00000, 0x0000000100000000)
  region size 1024K, 2 young (2048K), 2 survivors (2048K)
 Metaspace       used 47048K, committed 47232K, reserved 1114112K
  class space    used 5728K, committed 5824K, reserved 1048576K
}
Event: 51.333 GC heap before
{Heap before GC invocations=20 (full 0):
 garbage-first heap   total 45056K, used 27760K [0x00000000c8e00000, 0x0000000100000000)
  region size 1024K, 3 young (3072K), 2 survivors (2048K)
 Metaspace       used 47090K, committed 47296K, reserved 1114112K
  class space    used 5731K, committed 5824K, reserved 1048576K
}
Event: 51.347 GC heap after
{Heap after GC invocations=21 (full 0):
 garbage-first heap   total 45056K, used 26502K [0x00000000c8e00000, 0x0000000100000000)
  region size 1024K, 1 young (1024K), 1 survivors (1024K)
 Metaspace       used 47090K, committed 47296K, reserved 1114112K
  class space    used 5731K, committed 5824K, reserved 1048576K
}
Event: 53.303 GC heap before
{Heap before GC invocations=21 (full 0):
 garbage-first heap   total 45056K, used 33670K [0x00000000c8e00000, 0x0000000100000000)
  region size 1024K, 9 young (9216K), 1 survivors (1024K)
 Metaspace       used 48808K, committed 49024K, reserved 1114112K
  class space    used 5948K, committed 6016K, reserved 1048576K
}
Event: 53.319 GC heap after
{Heap after GC invocations=22 (full 0):
 garbage-first heap   total 45056K, used 27548K [0x00000000c8e00000, 0x0000000100000000)
  region size 1024K, 2 young (2048K), 2 survivors (2048K)
 Metaspace       used 48808K, committed 49024K, reserved 1114112K
  class space    used 5948K, committed 6016K, reserved 1048576K
}
Event: 53.968 GC heap before
{Heap before GC invocations=23 (full 0):
 garbage-first heap   total 50176K, used 33692K [0x00000000c8e00000, 0x0000000100000000)
  region size 1024K, 9 young (9216K), 2 survivors (2048K)
 Metaspace       used 50602K, committed 50816K, reserved 1114112K
  class space    used 6143K, committed 6208K, reserved 1048576K
}
Event: 53.976 GC heap after
{Heap after GC invocations=24 (full 0):
 garbage-first heap   total 50176K, used 28135K [0x00000000c8e00000, 0x0000000100000000)
  region size 1024K, 1 young (1024K), 1 survivors (1024K)
 Metaspace       used 50602K, committed 50816K, reserved 1114112K
  class space    used 6143K, committed 6208K, reserved 1048576K
}
Event: 55.491 GC heap before
{Heap before GC invocations=24 (full 0):
 garbage-first heap   total 50176K, used 39399K [0x00000000c8e00000, 0x0000000100000000)
  region size 1024K, 12 young (12288K), 1 survivors (1024K)
 Metaspace       used 51760K, committed 51968K, reserved 1114112K
  class space    used 6238K, committed 6336K, reserved 1048576K
}
Event: 55.506 GC heap after
{Heap after GC invocations=25 (full 0):
 garbage-first heap   total 50176K, used 30544K [0x00000000c8e00000, 0x0000000100000000)
  region size 1024K, 2 young (2048K), 2 survivors (2048K)
 Metaspace       used 51760K, committed 51968K, reserved 1114112K
  class space    used 6238K, committed 6336K, reserved 1048576K
}
Event: 56.835 GC heap before
{Heap before GC invocations=26 (full 0):
 garbage-first heap   total 53248K, used 38736K [0x00000000c8e00000, 0x0000000100000000)
  region size 1024K, 10 young (10240K), 2 survivors (2048K)
 Metaspace       used 52561K, committed 52736K, reserved 1114112K
  class space    used 6272K, committed 6336K, reserved 1048576K
}
Event: 56.849 GC heap after
{Heap after GC invocations=27 (full 0):
 garbage-first heap   total 53248K, used 31984K [0x00000000c8e00000, 0x0000000100000000)
  region size 1024K, 2 young (2048K), 2 survivors (2048K)
 Metaspace       used 52561K, committed 52736K, reserved 1114112K
  class space    used 6272K, committed 6336K, reserved 1048576K
}
Event: 57.184 GC heap before
{Heap before GC invocations=27 (full 0):
 garbage-first heap   total 53248K, used 35056K [0x00000000c8e00000, 0x0000000100000000)
  region size 1024K, 6 young (6144K), 2 survivors (2048K)
 Metaspace       used 52808K, committed 53120K, reserved 1114112K
  class space    used 6281K, committed 6400K, reserved 1048576K
}
Event: 57.192 GC heap after
{Heap after GC invocations=28 (full 0):
 garbage-first heap   total 53248K, used 33025K [0x00000000c8e00000, 0x0000000100000000)
  region size 1024K, 1 young (1024K), 1 survivors (1024K)
 Metaspace       used 52808K, committed 53120K, reserved 1114112K
  class space    used 6281K, committed 6400K, reserved 1048576K
}

Dll operation events (2 events):
Event: 1.613 Loaded shared library C:\Program Files\Android\Android Studio2\jbr\bin\java.dll
Event: 32.812 Loaded shared library C:\Program Files\Android\Android Studio2\jbr\bin\verify.dll

Deoptimization events (20 events):
Event: 56.988 Thread 0x0000024009dbb270 Uncommon trap: trap_request=0xffffffde fr.pc=0x0000024014f5082c relative=0x00000000000003ac
Event: 56.988 Thread 0x0000024009dbb270 Uncommon trap: reason=class_check action=maybe_recompile pc=0x0000024014f5082c method=org.jetbrains.kotlin.types.checker.ClassicTypeSystemContext$DefaultImpls.asFlexibleType(Lorg/jetbrains/kotlin/types/checker/ClassicTypeSystemContext;Lorg/jetbrains/kotli
Event: 56.988 Thread 0x0000024009dbb270 DEOPT PACKING pc=0x0000024014f5082c sp=0x000000b0f72fa980
Event: 56.988 Thread 0x0000024009dbb270 DEOPT UNPACKING pc=0x00000240148069a3 sp=0x000000b0f72fa830 mode 2
Event: 56.988 Thread 0x0000024009dbb270 Uncommon trap: trap_request=0xffffffde fr.pc=0x0000024014f425c8 relative=0x00000000000000a8
Event: 56.988 Thread 0x0000024009dbb270 Uncommon trap: reason=class_check action=maybe_recompile pc=0x0000024014f425c8 method=org.jetbrains.kotlin.types.checker.ClassicTypeSystemContext$DefaultImpls.asFlexibleType(Lorg/jetbrains/kotlin/types/checker/ClassicTypeSystemContext;Lorg/jetbrains/kotli
Event: 56.988 Thread 0x0000024009dbb270 DEOPT PACKING pc=0x0000024014f425c8 sp=0x000000b0f72fa960
Event: 56.988 Thread 0x0000024009dbb270 DEOPT UNPACKING pc=0x00000240148069a3 sp=0x000000b0f72fa8d0 mode 2
Event: 56.988 Thread 0x0000024009dbb270 Uncommon trap: trap_request=0xffffffde fr.pc=0x0000024014f5082c relative=0x00000000000003ac
Event: 56.988 Thread 0x0000024009dbb270 Uncommon trap: reason=class_check action=maybe_recompile pc=0x0000024014f5082c method=org.jetbrains.kotlin.types.checker.ClassicTypeSystemContext$DefaultImpls.asFlexibleType(Lorg/jetbrains/kotlin/types/checker/ClassicTypeSystemContext;Lorg/jetbrains/kotli
Event: 56.988 Thread 0x0000024009dbb270 DEOPT PACKING pc=0x0000024014f5082c sp=0x000000b0f72faa30
Event: 56.988 Thread 0x0000024009dbb270 DEOPT UNPACKING pc=0x00000240148069a3 sp=0x000000b0f72fa8e0 mode 2
Event: 56.988 Thread 0x0000024009dbb270 Uncommon trap: trap_request=0xffffffde fr.pc=0x0000024014f425c8 relative=0x00000000000000a8
Event: 56.988 Thread 0x0000024009dbb270 Uncommon trap: reason=class_check action=maybe_recompile pc=0x0000024014f425c8 method=org.jetbrains.kotlin.types.checker.ClassicTypeSystemContext$DefaultImpls.asFlexibleType(Lorg/jetbrains/kotlin/types/checker/ClassicTypeSystemContext;Lorg/jetbrains/kotli
Event: 56.988 Thread 0x0000024009dbb270 DEOPT PACKING pc=0x0000024014f425c8 sp=0x000000b0f72fa950
Event: 56.988 Thread 0x0000024009dbb270 DEOPT UNPACKING pc=0x00000240148069a3 sp=0x000000b0f72fa8c0 mode 2
Event: 56.988 Thread 0x0000024009dbb270 Uncommon trap: trap_request=0xffffffde fr.pc=0x0000024014f5082c relative=0x00000000000003ac
Event: 56.988 Thread 0x0000024009dbb270 Uncommon trap: reason=class_check action=maybe_recompile pc=0x0000024014f5082c method=org.jetbrains.kotlin.types.checker.ClassicTypeSystemContext$DefaultImpls.asFlexibleType(Lorg/jetbrains/kotlin/types/checker/ClassicTypeSystemContext;Lorg/jetbrains/kotli
Event: 56.988 Thread 0x0000024009dbb270 DEOPT PACKING pc=0x0000024014f5082c sp=0x000000b0f72faaa0
Event: 56.988 Thread 0x0000024009dbb270 DEOPT UNPACKING pc=0x00000240148069a3 sp=0x000000b0f72fa950 mode 2

Classes unloaded (0 events):
No events

Classes redefined (0 events):
No events

Internal exceptions (20 events):
Event: 30.622 Thread 0x0000024009dbb270 Exception <a 'java/lang/NoSuchMethodError'{0x00000000cb2a5e48}: 'int java.lang.invoke.DelegatingMethodHandle$Holder.reinvoke_L(java.lang.Object, java.lang.Object, java.lang.Object, long, int, int)'> (0x00000000cb2a5e48) 
thrown [s\src\hotspot\share\interpreter\linkResolver.cpp, line 771]
Event: 30.642 Thread 0x0000024009dbb270 Exception <a 'java/lang/NoSuchMethodError'{0x00000000cb2b4780}: 'int java.lang.invoke.DelegatingMethodHandle$Holder.reinvoke_L(java.lang.Object, java.lang.Object, java.lang.Object, long, long, long)'> (0x00000000cb2b4780) 
thrown [s\src\hotspot\share\interpreter\linkResolver.cpp, line 771]
Event: 30.667 Thread 0x0000024009dbb270 Exception <a 'java/lang/NoSuchMethodError'{0x00000000cb2c2d98}: 'int java.lang.invoke.DelegatingMethodHandle$Holder.reinvoke_L(java.lang.Object, java.lang.Object, java.lang.Object, long, int)'> (0x00000000cb2c2d98) 
thrown [s\src\hotspot\share\interpreter\linkResolver.cpp, line 771]
Event: 30.764 Thread 0x0000024009dbb270 Exception <a 'java/lang/NoSuchMethodError'{0x00000000cb169ef0}: 'int java.lang.invoke.DirectMethodHandle$Holder.invokeStaticInit(java.lang.Object, java.lang.Object, java.lang.Object)'> (0x00000000cb169ef0) 
thrown [s\src\hotspot\share\interpreter\linkResolver.cpp, line 771]
Event: 30.784 Thread 0x0000024009dbb270 Exception <a 'java/lang/NoSuchMethodError'{0x00000000cb1920c0}: 'int java.lang.invoke.DirectMethodHandle$Holder.invokeStaticInit(java.lang.Object, java.lang.Object)'> (0x00000000cb1920c0) 
thrown [s\src\hotspot\share\interpreter\linkResolver.cpp, line 771]
Event: 30.897 Thread 0x0000024009dbb270 Exception <a 'java/lang/NoSuchMethodError'{0x00000000cb071f38}: 'void java.lang.invoke.DirectMethodHandle$Holder.invokeSpecial(java.lang.Object, java.lang.Object, java.lang.Object)'> (0x00000000cb071f38) 
thrown [s\src\hotspot\share\interpreter\linkResolver.cpp, line 771]
Event: 31.645 Thread 0x0000024009dbb270 Exception <a 'java/lang/NoSuchMethodError'{0x00000000cad97560}: 'void java.lang.invoke.DirectMethodHandle$Holder.invokeStatic(java.lang.Object, java.lang.Object, java.lang.Object, java.lang.Object)'> (0x00000000cad97560) 
thrown [s\src\hotspot\share\interpreter\linkResolver.cpp, line 771]
Event: 32.443 Thread 0x0000024009dbb270 Exception <a 'java/lang/NoSuchMethodError'{0x00000000ca4554f0}: 'void java.lang.invoke.DirectMethodHandle$Holder.invokeStaticInit(java.lang.Object, java.lang.Object)'> (0x00000000ca4554f0) 
thrown [s\src\hotspot\share\interpreter\linkResolver.cpp, line 771]
Event: 34.155 Thread 0x0000024009dbb270 Exception <a 'java/lang/NoSuchMethodError'{0x00000000c9fe0860}: 'void java.lang.invoke.DirectMethodHandle$Holder.invokeVirtual(java.lang.Object, java.lang.Object)'> (0x00000000c9fe0860) 
thrown [s\src\hotspot\share\interpreter\linkResolver.cpp, line 771]
Event: 34.281 Thread 0x0000024009dbb270 Exception <a 'java/lang/NoSuchMethodError'{0x00000000c9e2c060}: 'int java.lang.invoke.DirectMethodHandle$Holder.invokeVirtual(java.lang.Object, java.lang.Object)'> (0x00000000c9e2c060) 
thrown [s\src\hotspot\share\interpreter\linkResolver.cpp, line 771]
Event: 34.527 Thread 0x0000024009dbb270 Exception <a 'java/lang/NoSuchMethodError'{0x00000000c9ec4d90}: 'java.lang.Object java.lang.invoke.Invokers$Holder.invokeExact_MT(java.lang.Object, java.lang.Object, java.lang.Object, java.lang.Object, java.lang.Object, java.lang.Object)'> (0x00000000c9ec4d90) 
thrown [s\src\hotspot\share\interpreter\linkResolver.cpp, line 771]
Event: 40.156 Thread 0x0000024009dbb270 Implicit null exception at 0x0000024014d67f72 to 0x0000024014d6853c
Event: 41.340 Thread 0x0000024009dbb270 Implicit null exception at 0x0000024014d697f2 to 0x0000024014d69dcc
Event: 41.808 Thread 0x0000024009dbb270 Exception <a 'java/lang/NoSuchMethodError'{0x00000000cb1e8018}: 'java.lang.Object java.lang.invoke.DirectMethodHandle$Holder.invokeVirtual(java.lang.Object, java.lang.Object, java.lang.Object)'> (0x00000000cb1e8018) 
thrown [s\src\hotspot\share\interpreter\linkResolver.cpp, line 771]
Event: 46.942 Thread 0x0000024009dbb270 Exception <a 'java/lang/NoSuchMethodError'{0x00000000cc5cc330}: 'java.lang.Object java.lang.invoke.DirectMethodHandle$Holder.newInvokeSpecial(java.lang.Object, java.lang.Object, int)'> (0x00000000cc5cc330) 
thrown [s\src\hotspot\share\interpreter\linkResolver.cpp, line 771]
Event: 48.207 Thread 0x0000024009dbb270 Exception <a 'java/lang/NoSuchMethodError'{0x00000000cb154f78}: 'java.lang.Object java.lang.invoke.DirectMethodHandle$Holder.newInvokeSpecial(java.lang.Object, java.lang.Object, java.lang.Object, int)'> (0x00000000cb154f78) 
thrown [s\src\hotspot\share\interpreter\linkResolver.cpp, line 771]
Event: 48.209 Thread 0x0000024009dbb270 Exception <a 'java/lang/NoSuchMethodError'{0x00000000cb159600}: 'java.lang.Object java.lang.invoke.DirectMethodHandle$Holder.invokeSpecial(java.lang.Object, java.lang.Object, java.lang.Object, java.lang.Object, int)'> (0x00000000cb159600) 
thrown [s\src\hotspot\share\interpreter\linkResolver.cpp, line 771]
Event: 48.210 Thread 0x0000024009dbb270 Exception <a 'java/lang/NoSuchMethodError'{0x00000000cb15d470}: 'java.lang.Object java.lang.invoke.Invokers$Holder.linkToTargetMethod(java.lang.Object, java.lang.Object, int, java.lang.Object)'> (0x00000000cb15d470) 
thrown [s\src\hotspot\share\interpreter\linkResolver.cpp, line 771]
Event: 54.115 Thread 0x0000024009dbb270 Exception <a 'java/lang/NoSuchMethodError'{0x00000000cbd0e0e8}: 'java.lang.Object java.lang.invoke.DirectMethodHandle$Holder.newInvokeSpecial(java.lang.Object, java.lang.Object, java.lang.Object, java.lang.Object, java.lang.Object, java.lang.Object)'> (0x00000000cbd0e0e8) 
thrown [s\src\hotspot\share\interpreter\linkResolver.cpp, line 771]
Event: 55.575 Thread 0x0000024009dbb270 Exception <a 'java/lang/NoSuchMethodError'{0x00000000cc5a1ae0}: 'java.lang.Object java.lang.invoke.DirectMethodHandle$Holder.invokeStaticInit(java.lang.Object, java.lang.Object, java.lang.Object)'> (0x00000000cc5a1ae0) 
thrown [s\src\hotspot\share\interpreter\linkResolver.cpp, line 771]

VM Operations (20 events):
Event: 54.792 Executing VM operation: HandshakeAllThreads done
Event: 55.491 Executing VM operation: G1CollectForAllocation
Event: 55.506 Executing VM operation: G1CollectForAllocation done
Event: 55.609 Executing VM operation: G1PauseRemark
Event: 55.622 Executing VM operation: G1PauseRemark done
Event: 55.656 Executing VM operation: G1PauseCleanup
Event: 55.687 Executing VM operation: G1PauseCleanup done
Event: 56.329 Executing VM operation: ICBufferFull
Event: 56.329 Executing VM operation: ICBufferFull done
Event: 56.810 Executing VM operation: ICBufferFull
Event: 56.810 Executing VM operation: ICBufferFull done
Event: 56.835 Executing VM operation: G1CollectForAllocation
Event: 56.849 Executing VM operation: G1CollectForAllocation done
Event: 56.980 Executing VM operation: HandshakeAllThreads
Event: 56.980 Executing VM operation: HandshakeAllThreads done
Event: 56.985 Executing VM operation: HandshakeAllThreads
Event: 56.985 Executing VM operation: HandshakeAllThreads done
Event: 57.183 Executing VM operation: G1TryInitiateConcMark
Event: 57.192 Executing VM operation: G1TryInitiateConcMark done
Event: 57.322 Executing VM operation: G1PauseRemark

Events (20 events):
Event: 51.898 loading class java/util/stream/IntPipeline$1
Event: 51.898 loading class java/util/stream/IntPipeline$1 done
Event: 51.899 loading class java/util/stream/ReferencePipeline$2
Event: 51.920 loading class java/util/stream/ReferencePipeline$2 done
Event: 51.922 loading class java/util/stream/ReferencePipeline$2$1
Event: 51.922 loading class java/util/stream/ReferencePipeline$2$1 done
Event: 51.922 loading class java/util/stream/IntPipeline$1$1
Event: 51.922 loading class java/util/stream/Sink$ChainedInt
Event: 51.922 loading class java/util/stream/Sink$OfInt
Event: 51.923 loading class java/util/function/IntConsumer
Event: 51.923 loading class java/util/function/IntConsumer done
Event: 51.923 loading class java/util/stream/Sink$OfInt done
Event: 51.923 loading class java/util/stream/Sink$ChainedInt done
Event: 51.923 loading class java/util/stream/IntPipeline$1$1 done
Event: 53.931 loading class java/util/Collections$SingletonMap
Event: 53.931 loading class java/util/Collections$SingletonMap done
Event: 54.126 loading class java/util/RegularEnumSet$EnumSetIterator
Event: 54.126 loading class java/util/RegularEnumSet$EnumSetIterator done
Event: 55.258 Thread 0x000002402627dd50 Thread added: 0x000002402627dd50
Event: 56.585 Thread 0x000002402627dd50 Thread exited: 0x000002402627dd50


Dynamic libraries:
0x00007ff7b9f00000 - 0x00007ff7b9f0a000 	C:\Program Files\Android\Android Studio2\jbr\bin\java.exe
0x00007ffca6210000 - 0x00007ffca6427000 	C:\WINDOWS\SYSTEM32\ntdll.dll
0x00007ffca4d50000 - 0x00007ffca4e14000 	C:\WINDOWS\System32\KERNEL32.DLL
0x00007ffca3680000 - 0x00007ffca3a2d000 	C:\WINDOWS\System32\KERNELBASE.dll
0x00007ffc9f4c0000 - 0x00007ffc9f557000 	C:\WINDOWS\SYSTEM32\apphelp.dll
0x00007ffca3a30000 - 0x00007ffca3b41000 	C:\WINDOWS\System32\ucrtbase.dll
0x00007ffc8c5c0000 - 0x00007ffc8c5d7000 	C:\Program Files\Android\Android Studio2\jbr\bin\jli.dll
0x00007ffca5f70000 - 0x00007ffca611e000 	C:\WINDOWS\System32\USER32.dll
0x00007ffca35d0000 - 0x00007ffca35f6000 	C:\WINDOWS\System32\win32u.dll
0x00007ffca4ba0000 - 0x00007ffca4bc9000 	C:\WINDOWS\System32\GDI32.dll
0x00007ffca3df0000 - 0x00007ffca3f09000 	C:\WINDOWS\System32\gdi32full.dll
0x00007ffca3530000 - 0x00007ffca35ca000 	C:\WINDOWS\System32\msvcp_win.dll
0x00007ffc84160000 - 0x00007ffc8417b000 	C:\Program Files\Android\Android Studio2\jbr\bin\VCRUNTIME140.dll
0x00007ffc8d550000 - 0x00007ffc8d7e3000 	C:\WINDOWS\WinSxS\amd64_microsoft.windows.common-controls_6595b64144ccf1df_6.0.22621.3672_none_2713b9d173822955\COMCTL32.dll
0x00007ffca6120000 - 0x00007ffca61c7000 	C:\WINDOWS\System32\msvcrt.dll
0x00007ffca45f0000 - 0x00007ffca4621000 	C:\WINDOWS\System32\IMM32.DLL
0x00007ffc951c0000 - 0x00007ffc951cc000 	C:\Program Files\Android\Android Studio2\jbr\bin\vcruntime140_1.dll
0x00007ffc76a70000 - 0x00007ffc76afd000 	C:\Program Files\Android\Android Studio2\jbr\bin\msvcp140.dll
0x00007ffc399b0000 - 0x00007ffc3a633000 	C:\Program Files\Android\Android Studio2\jbr\bin\server\jvm.dll
0x00007ffca4bd0000 - 0x00007ffca4c82000 	C:\WINDOWS\System32\ADVAPI32.dll
0x00007ffca4c90000 - 0x00007ffca4d39000 	C:\WINDOWS\System32\sechost.dll
0x00007ffca3f10000 - 0x00007ffca3f38000 	C:\WINDOWS\System32\bcrypt.dll
0x00007ffca4f30000 - 0x00007ffca5044000 	C:\WINDOWS\System32\RPCRT4.dll
0x00007ffc9c4f0000 - 0x00007ffc9c524000 	C:\WINDOWS\SYSTEM32\WINMM.dll
0x00007ffc95520000 - 0x00007ffc95529000 	C:\WINDOWS\SYSTEM32\WSOCK32.dll
0x00007ffca4a30000 - 0x00007ffca4aa1000 	C:\WINDOWS\System32\WS2_32.dll
0x00007ffca3400000 - 0x00007ffca344d000 	C:\WINDOWS\SYSTEM32\POWRPROF.dll
0x00007ffc9aad0000 - 0x00007ffc9aada000 	C:\WINDOWS\SYSTEM32\VERSION.dll
0x00007ffca33e0000 - 0x00007ffca33f3000 	C:\WINDOWS\SYSTEM32\UMPDC.dll
0x00007ffca2550000 - 0x00007ffca2568000 	C:\WINDOWS\SYSTEM32\kernel.appcore.dll
0x00007ffc95240000 - 0x00007ffc9524a000 	C:\Program Files\Android\Android Studio2\jbr\bin\jimage.dll
0x00007ffc971b0000 - 0x00007ffc973e2000 	C:\WINDOWS\SYSTEM32\DBGHELP.DLL
0x00007ffca4640000 - 0x00007ffca49ce000 	C:\WINDOWS\System32\combase.dll
0x00007ffca5050000 - 0x00007ffca5127000 	C:\WINDOWS\System32\OLEAUT32.dll
0x00007ffc91bf0000 - 0x00007ffc91c22000 	C:\WINDOWS\SYSTEM32\dbgcore.DLL
0x00007ffca3600000 - 0x00007ffca367b000 	C:\WINDOWS\System32\bcryptPrimitives.dll
0x00007ffc95210000 - 0x00007ffc95235000 	C:\Program Files\Android\Android Studio2\jbr\bin\java.dll
0x00007ffc951f0000 - 0x00007ffc95208000 	C:\Program Files\Android\Android Studio2\jbr\bin\zip.dll
0x00007ffca5130000 - 0x00007ffca5997000 	C:\WINDOWS\System32\SHELL32.dll
0x00007ffca1460000 - 0x00007ffca1d5f000 	C:\WINDOWS\SYSTEM32\windows.storage.dll
0x00007ffca1320000 - 0x00007ffca145f000 	C:\WINDOWS\SYSTEM32\wintypes.dll
0x00007ffca40f0000 - 0x00007ffca41e9000 	C:\WINDOWS\System32\SHCORE.dll
0x00007ffca4ab0000 - 0x00007ffca4b0e000 	C:\WINDOWS\System32\shlwapi.dll
0x00007ffca3460000 - 0x00007ffca3487000 	C:\WINDOWS\SYSTEM32\profapi.dll
0x00007ffc950e0000 - 0x00007ffc950f9000 	C:\Program Files\Android\Android Studio2\jbr\bin\net.dll
0x00007ffc9c830000 - 0x00007ffc9c966000 	C:\WINDOWS\SYSTEM32\WINHTTP.dll
0x00007ffca29d0000 - 0x00007ffca2a39000 	C:\WINDOWS\system32\mswsock.dll
0x00007ffc95090000 - 0x00007ffc950a6000 	C:\Program Files\Android\Android Studio2\jbr\bin\nio.dll
0x00007ffc93eb0000 - 0x00007ffc93ec0000 	C:\Program Files\Android\Android Studio2\jbr\bin\verify.dll

dbghelp: loaded successfully - version: 4.0.5 - missing functions: none
symbol engine: initialized successfully - sym options: 0x614 - pdb path: .;C:\Program Files\Android\Android Studio2\jbr\bin;C:\WINDOWS\SYSTEM32;C:\WINDOWS\WinSxS\amd64_microsoft.windows.common-controls_6595b64144ccf1df_6.0.22621.3672_none_2713b9d173822955;C:\Program Files\Android\Android Studio2\jbr\bin\server

VM Arguments:
java_command: org.jetbrains.kotlin.cli.jvm.K2JVMCompiler @C:\Users\ACER\AndroidStudioProjects\BelajarTeks\app\build\20240927_12890127602562063685.compiler.options
java_class_path (initial): C:\Users\ACER\.gradle\caches\modules-2\files-2.1\org.jetbrains.kotlin\kotlin-compiler-embeddable\1.9.0\2c8c3a7402becca891f12739b3e9fd2dc2adbd7a\kotlin-compiler-embeddable-1.9.0.jar;C:\Users\ACER\.gradle\caches\modules-2\files-2.1\org.jetbrains.kotlin\kotlin-stdlib\1.9.0\8ee15ef0c67dc83d874f412d84378d7f0eb50b63\kotlin-stdlib-1.9.0.jar;C:\Users\ACER\.gradle\caches\modules-2\files-2.1\org.jetbrains.kotlin\kotlin-script-runtime\1.9.0\4b3102cbbb7e1b58d9d1adf89563f00069ffa7d1\kotlin-script-runtime-1.9.0.jar;C:\Users\ACER\.gradle\caches\modules-2\files-2.1\org.jetbrains.kotlin\kotlin-reflect\1.6.10\1cbe9c92c12a94eea200d23c2bbaedaf3daf5132\kotlin-reflect-1.6.10.jar;C:\Users\ACER\.gradle\caches\modules-2\files-2.1\org.jetbrains.kotlin\kotlin-daemon-embeddable\1.9.0\186543f5e28cf8d9a0290fecc2cf34301c40a65c\kotlin-daemon-embeddable-1.9.0.jar;C:\Users\ACER\.gradle\caches\modules-2\files-2.1\org.jetbrains.intellij.deps\trove4j\1.0.20200330\3afb14d5f9ceb459d724e907a21145e8ff394f02\trove4j-1.0.20200330.jar;C:\Users\ACER\.gradle\caches\modules-2\files-2.1\org.jetbrains.kotlin\kotlin-stdlib-common\1.9.0\cd65c21cfd1eec4d44ef09f9f52b6d9f8a720636\kotlin-stdlib-common-1.9.0.jar;C:\Users\ACER\.gradle\caches\modules-2\files-2.1\org.jetbrains\annotations\13.0\919f0dfe192fb4e063e7dacadee7f8bb9a2672a9\annotations-13.0.jar
Launcher Type: SUN_STANDARD

[Global flags]
     intx CICompilerCount                          = 3                                         {product} {ergonomic}
     uint ConcGCThreads                            = 1                                         {product} {ergonomic}
     uint G1ConcRefinementThreads                  = 4                                         {product} {ergonomic}
   size_t G1HeapRegionSize                         = 1048576                                   {product} {ergonomic}
    uintx GCDrainStackTargetSize                   = 64                                        {product} {ergonomic}
   size_t InitialHeapSize                          = 58720256                                  {product} {ergonomic}
   size_t MarkStackSize                            = 4194304                                   {product} {ergonomic}
   size_t MaxHeapSize                              = 924844032                                 {product} {ergonomic}
   size_t MaxNewSize                               = 554696704                                 {product} {ergonomic}
   size_t MinHeapDeltaBytes                        = 1048576                                   {product} {ergonomic}
   size_t MinHeapSize                              = 8388608                                   {product} {ergonomic}
    uintx NonNMethodCodeHeapSize                   = 5832780                                {pd product} {ergonomic}
    uintx NonProfiledCodeHeapSize                  = 122912730                              {pd product} {ergonomic}
    uintx ProfiledCodeHeapSize                     = 122912730                              {pd product} {ergonomic}
    uintx ReservedCodeCacheSize                    = 251658240                              {pd product} {ergonomic}
     bool SegmentedCodeCache                       = true                                      {product} {ergonomic}
   size_t SoftMaxHeapSize                          = 924844032                              {manageable} {ergonomic}
     bool UseCompressedClassPointers               = true                           {product lp64_product} {ergonomic}
     bool UseCompressedOops                        = true                           {product lp64_product} {ergonomic}
     bool UseG1GC                                  = true                                      {product} {ergonomic}
     bool UseLargePagesIndividualAllocation        = false                                  {pd product} {ergonomic}

Logging:
Log output configuration:
 #0: stdout all=warning uptime,level,tags
 #1: stderr all=off uptime,level,tags

Environment Variables:
PATH=C:\Program Files\Common Files\Oracle\Java\javapath;C:\Program Files (x86)\Common Files\Oracle\Java\java8path;C:\Program Files (x86)\Common Files\Oracle\Java\javapath;C:\WINDOWS\system32;C:\WINDOWS;C:\WINDOWS\System32\Wbem;C:\WINDOWS\System32\WindowsPowerShell\v1.0\;C:\WINDOWS\System32\OpenSSH\;C:\Program Files\Java\jdk-19\bin;C:\Program Files\Docker\Docker\resources\bin;%NVM_HOME%;%NVM_SYMLINK%;C:\Program Files\PuTTY\;C:\Program Files\nodejs\;C:\Users\ACER\AppData\Local\Programs\Python\Python312-32\Scripts\;C:\Users\ACER\AppData\Local\Programs\Python\Python312-32\;C:\Users\ACER\AppData\Local\Microsoft\WindowsApps;C:\Users\ACER\AppData\Local\Programs\Microsoft VS Code\bin;C:\Users\ACER\AppData\Roaming\nvm;C:\Program Files\nodejs;C:\Users\ACER\AppData\Roaming\npm;C:\Users\ACER\AppData\Local\GitHubDesktop\bin
USERNAME=ACER
OS=Windows_NT
PROCESSOR_IDENTIFIER=AMD64 Family 23 Model 24 Stepping 1, AuthenticAMD
TMP=C:\Users\ACER\AppData\Local\Temp
TEMP=C:\Users\ACER\AppData\Local\Temp



Periodic native trim disabled

JNI global refs:
JNI global refs: 8, weak refs: 0

JNI global refs memory usage: 843, weak refs: 841

Process memory usage:
Resident Set Size: 179560K (4% of 3605516K total physical memory with 378236K free physical memory)

OOME stack traces (most recent first):
Classloader memory used:
Loader jdk.internal.loader.ClassLoaders$AppClassLoader                                 : 5273K
Loader bootstrap                                                                       : 1296K
Loader java.net.URLClassLoader                                                         : 27534B
Loader jdk.internal.reflect.DelegatingClassLoader                                      : 7359B


---------------  S Y S T E M  ---------------

OS:
 Windows 11 , 64 bit Build 22621 (10.0.22621.3958)
OS uptime: 13 days 0:27 hours
Hyper-V role detected

CPU: total 4 (initial active 4) (4 cores per cpu, 2 threads per core) family 23 model 24 stepping 1 microcode 0x0, cx8, cmov, fxsr, ht, mmx, 3dnowpref, sse, sse2, sse3, ssse3, sse4a, sse4.1, sse4.2, popcnt, lzcnt, tsc, tscinvbit, avx, avx2, aes, clmul, bmi1, bmi2, adx, sha, fma, vzeroupper, clflush, clflushopt, hv
Processor Information for all 4 processors :
  Max Mhz: 2600, Current Mhz: 2600, Mhz Limit: 2600

Memory: 4k page, system-wide physical 3521M (355M free)
TotalPageFile size 14273M (AvailPageFile size 9M)
current process WorkingSet (physical memory assigned to process): 175M, peak: 175M
current process commit charge ("private bytes"): 222M, peak: 229M

vm_info: OpenJDK 64-Bit Server VM (17.0.11+0--11852314) for windows-amd64 JRE (17.0.11+0--11852314), built on May 16 2024 21:29:20 by "androidbuild" with MS VC++ 16.10 / 16.11 (VS2019)

END.
